# JRE version: OpenJDK Runtime Environment (24.0.2+12) (build 24.0.2+12-54)
# Java VM: OpenJDK 64-Bit Server VM (24.0.2+12-54, mixed mode, sharing, tiered, compressed oops, compressed class ptrs, parallel gc, windows-amd64)
GC Precious Log:
 CardTable entry size: 512
 CPUs: 12 total, 12 available
 Memory: 7439M
 Large Page Support: Disabled
 NUMA Support: Disabled
 Compressed Oops: Enabled (32-bit)
 Alignments: Space 512K, Generation 512K, Heap 2M
 Heap Min Capacity: 128M
 Heap Initial Capacity: 128M
 Heap Max Capacity: 512M
 Pre-touch: Disabled
 Parallel Workers: 10
Heap:
 PSYoungGen      total 69120K, used 48860K [0x00000000f5580000, 0x00000000fac00000, 0x0000000100000000)
  eden space 60928K, 66% used [0x00000000f5580000,0x00000000f7d47568,0x00000000f9100000)
  from space 8192K, 99% used [0x00000000f9280000,0x00000000f9a6fbe0,0x00000000f9a80000)
  to   space 13824K, 0% used [0x00000000f9e80000,0x00000000f9e80000,0x00000000fac00000)
 ParOldGen       total 87552K, used 31835K [0x00000000e0000000, 0x00000000e5580000, 0x00000000f5580000)
  object space 87552K, 36% used [0x00000000e0000000,0x00000000e1f16e90,0x00000000e5580000)
 Metaspace       used 48887K, committed 50624K, reserved 1114112K
  class space    used 5648K, committed 6464K, reserved 1048576K
GC Heap History (18 events):
Event: 0.531 GC heap before
{Heap before GC invocations=1 (full 0):
 PSYoungGen      total 38400K, used 33280K [0x00000000f5580000, 0x00000000f8000000, 0x0000000100000000)
  eden space 33280K, 100% used [0x00000000f5580000,0x00000000f7600000,0x00000000f7600000)
  from space 5120K, 0% used [0x00000000f7b00000,0x00000000f7b00000,0x00000000f8000000)
  to   space 5120K, 0% used [0x00000000f7600000,0x00000000f7600000,0x00000000f7b00000)
 ParOldGen       total 87552K, used 1136K [0x00000000e0000000, 0x00000000e5580000, 0x00000000f5580000)
  object space 87552K, 1% used [0x00000000e0000000,0x00000000e011c330,0x00000000e5580000)
 Metaspace       used 1069K, committed 1216K, reserved 1114112K
  class space    used 56K, committed 128K, reserved 1048576K
}
Event: 0.538 GC heap after
{Heap after GC invocations=1 (full 0):
 PSYoungGen      total 38400K, used 5105K [0x00000000f5580000, 0x00000000fa080000, 0x0000000100000000)
  eden space 33280K, 0% used [0x00000000f5580000,0x00000000f5580000,0x00000000f7600000)
  from space 5120K, 99% used [0x00000000f7600000,0x00000000f7afc558,0x00000000f7b00000)
  to   space 5120K, 0% used [0x00000000f9b80000,0x00000000f9b80000,0x00000000fa080000)
 ParOldGen       total 87552K, used 5286K [0x00000000e0000000, 0x00000000e5580000, 0x00000000f5580000)
  object space 87552K, 6% used [0x00000000e0000000,0x00000000e0529a70,0x00000000e5580000)
 Metaspace       used 1069K, committed 1216K, reserved 1114112K
  class space    used 56K, committed 128K, reserved 1048576K
}
Event: 1.089 GC heap before
{Heap before GC invocations=2 (full 0):
 PSYoungGen      total 38400K, used 38385K [0x00000000f5580000, 0x00000000fa080000, 0x0000000100000000)
  eden space 33280K, 100% used [0x00000000f5580000,0x00000000f7600000,0x00000000f7600000)
  from space 5120K, 99% used [0x00000000f7600000,0x00000000f7afc558,0x00000000f7b00000)
  to   space 5120K, 0% used [0x00000000f9b80000,0x00000000f9b80000,0x00000000fa080000)
 ParOldGen       total 87552K, used 5286K [0x00000000e0000000, 0x00000000e5580000, 0x00000000f5580000)
  object space 87552K, 6% used [0x00000000e0000000,0x00000000e0529a70,0x00000000e5580000)
 Metaspace       used 4479K, committed 4736K, reserved 1114112K
  class space    used 387K, committed 512K, reserved 1048576K
}
Event: 1.096 GC heap after
{Heap after GC invocations=2 (full 0):
 PSYoungGen      total 71680K, used 5109K [0x00000000f5580000, 0x00000000fa080000, 0x0000000100000000)
  eden space 66560K, 0% used [0x00000000f5580000,0x00000000f5580000,0x00000000f9680000)
  from space 5120K, 99% used [0x00000000f9b80000,0x00000000fa07d438,0x00000000fa080000)
  to   space 5120K, 0% used [0x00000000f9680000,0x00000000f9680000,0x00000000f9b80000)
 ParOldGen       total 87552K, used 7024K [0x00000000e0000000, 0x00000000e5580000, 0x00000000f5580000)
  object space 87552K, 8% used [0x00000000e0000000,0x00000000e06dc320,0x00000000e5580000)
 Metaspace       used 4479K, committed 4736K, reserved 1114112K
  class space    used 387K, committed 512K, reserved 1048576K
}
Event: 2.316 GC heap before
{Heap before GC invocations=3 (full 0):
 PSYoungGen      total 71680K, used 71669K [0x00000000f5580000, 0x00000000fa080000, 0x0000000100000000)
  eden space 66560K, 100% used [0x00000000f5580000,0x00000000f9680000,0x00000000f9680000)
  from space 5120K, 99% used [0x00000000f9b80000,0x00000000fa07d438,0x00000000fa080000)
  to   space 5120K, 0% used [0x00000000f9680000,0x00000000f9680000,0x00000000f9b80000)
 ParOldGen       total 87552K, used 7024K [0x00000000e0000000, 0x00000000e5580000, 0x00000000f5580000)
  object space 87552K, 8% used [0x00000000e0000000,0x00000000e06dc320,0x00000000e5580000)
 Metaspace       used 10463K, committed 10752K, reserved 1114112K
  class space    used 1074K, committed 1216K, reserved 1048576K
}
Event: 2.320 GC heap after
{Heap after GC invocations=3 (full 0):
 PSYoungGen      total 71680K, used 5117K [0x00000000f5580000, 0x00000000fa080000, 0x0000000100000000)
  eden space 66560K, 0% used [0x00000000f5580000,0x00000000f5580000,0x00000000f9680000)
  from space 5120K, 99% used [0x00000000f9680000,0x00000000f9b7f7b8,0x00000000f9b80000)
  to   space 5120K, 0% used [0x00000000f9b80000,0x00000000f9b80000,0x00000000fa080000)
 ParOldGen       total 87552K, used 14391K [0x00000000e0000000, 0x00000000e5580000, 0x00000000f5580000)
  object space 87552K, 16% used [0x00000000e0000000,0x00000000e0e0dfe8,0x00000000e5580000)
 Metaspace       used 10463K, committed 10752K, reserved 1114112K
  class space    used 1074K, committed 1216K, reserved 1048576K
}
Event: 3.771 GC heap before
{Heap before GC invocations=4 (full 0):
 PSYoungGen      total 71680K, used 71677K [0x00000000f5580000, 0x00000000fa080000, 0x0000000100000000)
  eden space 66560K, 100% used [0x00000000f5580000,0x00000000f9680000,0x00000000f9680000)
  from space 5120K, 99% used [0x00000000f9680000,0x00000000f9b7f7b8,0x00000000f9b80000)
  to   space 5120K, 0% used [0x00000000f9b80000,0x00000000f9b80000,0x00000000fa080000)
 ParOldGen       total 87552K, used 14391K [0x00000000e0000000, 0x00000000e5580000, 0x00000000f5580000)
  object space 87552K, 16% used [0x00000000e0000000,0x00000000e0e0dfe8,0x00000000e5580000)
 Metaspace       used 19860K, committed 20480K, reserved 1114112K
  class space    used 2155K, committed 2432K, reserved 1048576K
}
Event: 3.778 GC heap after
{Heap after GC invocations=4 (full 0):
 PSYoungGen      total 71680K, used 5115K [0x00000000f5580000, 0x00000000fa080000, 0x0000000100000000)
  eden space 66560K, 0% used [0x00000000f5580000,0x00000000f5580000,0x00000000f9680000)
  from space 5120K, 99% used [0x00000000f9b80000,0x00000000fa07ec28,0x00000000fa080000)
  to   space 5120K, 0% used [0x00000000f9680000,0x00000000f9680000,0x00000000f9b80000)
 ParOldGen       total 87552K, used 17890K [0x00000000e0000000, 0x00000000e5580000, 0x00000000f5580000)
  object space 87552K, 20% used [0x00000000e0000000,0x00000000e1178bd0,0x00000000e5580000)
 Metaspace       used 19860K, committed 20480K, reserved 1114112K
  class space    used 2155K, committed 2432K, reserved 1048576K
}
Event: 3.984 GC heap before
{Heap before GC invocations=5 (full 1):
 PSYoungGen      total 71680K, used 13587K [0x00000000f5580000, 0x00000000fa080000, 0x0000000100000000)
  eden space 66560K, 12% used [0x00000000f5580000,0x00000000f5dc60e0,0x00000000f9680000)
  from space 5120K, 99% used [0x00000000f9b80000,0x00000000fa07ec28,0x00000000fa080000)
  to   space 5120K, 0% used [0x00000000f9680000,0x00000000f9680000,0x00000000f9b80000)
 ParOldGen       total 87552K, used 17890K [0x00000000e0000000, 0x00000000e5580000, 0x00000000f5580000)
  object space 87552K, 20% used [0x00000000e0000000,0x00000000e1178bd0,0x00000000e5580000)
 Metaspace       used 20834K, committed 21504K, reserved 1114112K
  class space    used 2257K, committed 2560K, reserved 1048576K
}
Event: 4.000 GC heap after
{Heap after GC invocations=5 (full 1):
 PSYoungGen      total 71680K, used 0K [0x00000000f5580000, 0x00000000fa080000, 0x0000000100000000)
  eden space 66560K, 0% used [0x00000000f5580000,0x00000000f5580000,0x00000000f9680000)
  from space 5120K, 0% used [0x00000000f9b80000,0x00000000f9b80000,0x00000000fa080000)
  to   space 5120K, 0% used [0x00000000f9680000,0x00000000f9680000,0x00000000f9b80000)
 ParOldGen       total 87552K, used 23413K [0x00000000e0000000, 0x00000000e5580000, 0x00000000f5580000)
  object space 87552K, 26% used [0x00000000e0000000,0x00000000e16dd6a0,0x00000000e5580000)
 Metaspace       used 20834K, committed 21504K, reserved 1114112K
  class space    used 2257K, committed 2560K, reserved 1048576K
}
Event: 5.133 GC heap before
{Heap before GC invocations=6 (full 1):
 PSYoungGen      total 71680K, used 66560K [0x00000000f5580000, 0x00000000fa080000, 0x0000000100000000)
  eden space 66560K, 100% used [0x00000000f5580000,0x00000000f9680000,0x00000000f9680000)
  from space 5120K, 0% used [0x00000000f9b80000,0x00000000f9b80000,0x00000000fa080000)
  to   space 5120K, 0% used [0x00000000f9680000,0x00000000f9680000,0x00000000f9b80000)
 ParOldGen       total 87552K, used 23413K [0x00000000e0000000, 0x00000000e5580000, 0x00000000f5580000)
  object space 87552K, 26% used [0x00000000e0000000,0x00000000e16dd6a0,0x00000000e5580000)
 Metaspace       used 30660K, committed 31616K, reserved 1114112K
  class space    used 3406K, committed 3840K, reserved 1048576K
}
Event: 5.137 GC heap after
{Heap after GC invocations=6 (full 1):
 PSYoungGen      total 69632K, used 4492K [0x00000000f5580000, 0x00000000faf80000, 0x0000000100000000)
  eden space 64512K, 0% used [0x00000000f5580000,0x00000000f5580000,0x00000000f9480000)
  from space 5120K, 87% used [0x00000000f9680000,0x00000000f9ae3210,0x00000000f9b80000)
  to   space 13824K, 0% used [0x00000000fa200000,0x00000000fa200000,0x00000000faf80000)
 ParOldGen       total 87552K, used 23421K [0x00000000e0000000, 0x00000000e5580000, 0x00000000f5580000)
  object space 87552K, 26% used [0x00000000e0000000,0x00000000e16df6a0,0x00000000e5580000)
 Metaspace       used 30660K, committed 31616K, reserved 1114112K
  class space    used 3406K, committed 3840K, reserved 1048576K
}
Event: 5.639 GC heap before
{Heap before GC invocations=7 (full 2):
 PSYoungGen      total 69632K, used 56543K [0x00000000f5580000, 0x00000000faf80000, 0x0000000100000000)
  eden space 64512K, 80% used [0x00000000f5580000,0x00000000f8854d00,0x00000000f9480000)
  from space 5120K, 87% used [0x00000000f9680000,0x00000000f9ae3210,0x00000000f9b80000)
  to   space 13824K, 0% used [0x00000000fa200000,0x00000000fa200000,0x00000000faf80000)
 ParOldGen       total 87552K, used 23421K [0x00000000e0000000, 0x00000000e5580000, 0x00000000f5580000)
  object space 87552K, 26% used [0x00000000e0000000,0x00000000e16df6a0,0x00000000e5580000)
 Metaspace       used 34856K, committed 35840K, reserved 1114112K
  class space    used 3762K, committed 4224K, reserved 1048576K
}
Event: 5.659 GC heap after
{Heap after GC invocations=7 (full 2):
 PSYoungGen      total 69632K, used 0K [0x00000000f5580000, 0x00000000faf80000, 0x0000000100000000)
  eden space 64512K, 0% used [0x00000000f5580000,0x00000000f5580000,0x00000000f9480000)
  from space 5120K, 0% used [0x00000000f9680000,0x00000000f9680000,0x00000000f9b80000)
  to   space 13824K, 0% used [0x00000000fa200000,0x00000000fa200000,0x00000000faf80000)
 ParOldGen       total 87552K, used 31819K [0x00000000e0000000, 0x00000000e5580000, 0x00000000f5580000)
  object space 87552K, 36% used [0x00000000e0000000,0x00000000e1f12e90,0x00000000e5580000)
 Metaspace       used 34856K, committed 35840K, reserved 1114112K
  class space    used 3762K, committed 4224K, reserved 1048576K
}
Event: 6.343 GC heap before
{Heap before GC invocations=8 (full 2):
 PSYoungGen      total 69632K, used 64512K [0x00000000f5580000, 0x00000000faf80000, 0x0000000100000000)
  eden space 64512K, 100% used [0x00000000f5580000,0x00000000f9480000,0x00000000f9480000)
  from space 5120K, 0% used [0x00000000f9680000,0x00000000f9680000,0x00000000f9b80000)
  to   space 13824K, 0% used [0x00000000fa200000,0x00000000fa200000,0x00000000faf80000)
 ParOldGen       total 87552K, used 31819K [0x00000000e0000000, 0x00000000e5580000, 0x00000000f5580000)
  object space 87552K, 36% used [0x00000000e0000000,0x00000000e1f12e90,0x00000000e5580000)
 Metaspace       used 40858K, committed 42432K, reserved 1114112K
  class space    used 4623K, committed 5376K, reserved 1048576K
}
Event: 6.345 GC heap after
{Heap after GC invocations=8 (full 2):
 PSYoungGen      total 75264K, used 3328K [0x00000000f5580000, 0x00000000fae80000, 0x0000000100000000)
  eden space 62464K, 0% used [0x00000000f5580000,0x00000000f5580000,0x00000000f9280000)
  from space 12800K, 26% used [0x00000000fa200000,0x00000000fa540040,0x00000000fae80000)
  to   space 14336K, 0% used [0x00000000f9280000,0x00000000f9280000,0x00000000fa080000)
 ParOldGen       total 87552K, used 31827K [0x00000000e0000000, 0x00000000e5580000, 0x00000000f5580000)
  object space 87552K, 36% used [0x00000000e0000000,0x00000000e1f14e90,0x00000000e5580000)
 Metaspace       used 40858K, committed 42432K, reserved 1114112K
  class space    used 4623K, committed 5376K, reserved 1048576K
}
Event: 6.928 GC heap before
{Heap before GC invocations=9 (full 2):
 PSYoungGen      total 75264K, used 65792K [0x00000000f5580000, 0x00000000fae80000, 0x0000000100000000)
  eden space 62464K, 100% used [0x00000000f5580000,0x00000000f9280000,0x00000000f9280000)
  from space 12800K, 26% used [0x00000000fa200000,0x00000000fa540040,0x00000000fae80000)
  to   space 14336K, 0% used [0x00000000f9280000,0x00000000f9280000,0x00000000fa080000)
 ParOldGen       total 87552K, used 31827K [0x00000000e0000000, 0x00000000e5580000, 0x00000000f5580000)
  object space 87552K, 36% used [0x00000000e0000000,0x00000000e1f14e90,0x00000000e5580000)
 Metaspace       used 45097K, committed 46720K, reserved 1114112K
  class space    used 5134K, committed 5888K, reserved 1048576K
}
Event: 6.932 GC heap after
{Heap after GC invocations=9 (full 2):
 PSYoungGen      total 69120K, used 8126K [0x00000000f5580000, 0x00000000fac00000, 0x0000000100000000)
  eden space 60928K, 0% used [0x00000000f5580000,0x00000000f5580000,0x00000000f9100000)
  from space 8192K, 99% used [0x00000000f9280000,0x00000000f9a6fbe0,0x00000000f9a80000)
  to   space 13824K, 0% used [0x00000000f9e80000,0x00000000f9e80000,0x00000000fac00000)
 ParOldGen       total 87552K, used 31835K [0x00000000e0000000, 0x00000000e5580000, 0x00000000f5580000)
  object space 87552K, 36% used [0x00000000e0000000,0x00000000e1f16e90,0x00000000e5580000)
 Metaspace       used 45097K, committed 46720K, reserved 1114112K
  class space    used 5134K, committed 5888K, reserved 1048576K
}

