# JRE version: OpenJDK Runtime Environment (24.0.2+12) (build 24.0.2+12-54)
# Java VM: OpenJDK 64-Bit Server VM (24.0.2+12-54, mixed mode, sharing, tiered, compressed oops, compressed class ptrs, g1 gc, windows-amd64)
GC Precious Log:
 CardTable entry size: 512
 Card Set container configuration: InlinePtr #cards 5 size 8 Array Of Cards #cards 10 size 36 Howl #buckets 4 coarsen threshold 1843 Howl Bitmap #cards 512 size 80 coarsen threshold 460 Card regions per heap region 1 cards per card region 2048
 CPUs: 12 total, 12 available
 Memory: 7439M
 Large Page Support: Disabled
 NUMA Support: Disabled
 Compressed Oops: Enabled (32-bit)
 Heap Region Size: 1M
 Heap Min Capacity: 8M
 Heap Initial Capacity: 118M
 Heap Max Capacity: 1860M
 Pre-touch: Disabled
 Parallel Workers: 10
 Concurrent Workers: 3
 Concurrent Refinement Workers: 10
 Periodic GC: Disabled
Heap:
 garbage-first heap   total reserved 1904640K, committed 44032K, used 17942K [0x000000008bc00000, 0x0000000100000000)
  region size 1024K, 4 young (4096K), 3 survivors (3072K)
 Metaspace       used 33830K, committed 34240K, reserved 1114112K
  class space    used 3258K, committed 3456K, reserved 1048576K
GC Heap History (10 events):
Event: 0.904 GC heap before
{Heap before GC invocations=0 (full 0):
 garbage-first heap   total reserved 1904640K, committed 122880K, used 49264K [0x000000008bc00000, 0x0000000100000000)
  region size 1024K, 47 young (48128K), 0 survivors (0K)
 Metaspace       used 15854K, committed 16064K, reserved 1114112K
  class space    used 1506K, committed 1600K, reserved 1048576K
}
Event: 0.911 GC heap after
{Heap after GC invocations=1 (full 0):
 garbage-first heap   total reserved 1904640K, committed 122880K, used 6971K [0x000000008bc00000, 0x0000000100000000)
  region size 1024K, 6 young (6144K), 6 survivors (6144K)
 Metaspace       used 15854K, committed 16064K, reserved 1114112K
  class space    used 1506K, committed 1600K, reserved 1048576K
}
Event: 1.465 GC heap before
{Heap before GC invocations=1 (full 0):
 garbage-first heap   total reserved 1904640K, committed 122880K, used 31547K [0x000000008bc00000, 0x0000000100000000)
  region size 1024K, 31 young (31744K), 6 survivors (6144K)
 Metaspace       used 21205K, committed 21504K, reserved 1114112K
  class space    used 2084K, committed 2240K, reserved 1048576K
}
Event: 1.473 GC heap after
{Heap after GC invocations=2 (full 0):
 garbage-first heap   total reserved 1904640K, committed 122880K, used 9946K [0x000000008bc00000, 0x0000000100000000)
  region size 1024K, 3 young (3072K), 3 survivors (3072K)
 Metaspace       used 21205K, committed 21504K, reserved 1114112K
  class space    used 2084K, committed 2240K, reserved 1048576K
}
Event: 15.171 GC heap before
{Heap before GC invocations=3 (full 0):
 garbage-first heap   total reserved 1904640K, committed 37888K, used 36570K [0x000000008bc00000, 0x0000000100000000)
  region size 1024K, 29 young (29696K), 3 survivors (3072K)
 Metaspace       used 29206K, committed 29504K, reserved 1114112K
  class space    used 2797K, committed 2944K, reserved 1048576K
}
Event: 15.190 GC heap after
{Heap after GC invocations=4 (full 0):
 garbage-first heap   total reserved 1904640K, committed 44032K, used 13045K [0x000000008bc00000, 0x0000000100000000)
  region size 1024K, 6 young (6144K), 6 survivors (6144K)
 Metaspace       used 29206K, committed 29504K, reserved 1114112K
  class space    used 2797K, committed 2944K, reserved 1048576K
}
Event: 21.272 GC heap before
{Heap before GC invocations=4 (full 0):
 garbage-first heap   total reserved 1904640K, committed 44032K, used 29429K [0x000000008bc00000, 0x0000000100000000)
  region size 1024K, 23 young (23552K), 6 survivors (6144K)
 Metaspace       used 32821K, committed 33152K, reserved 1114112K
  class space    used 3150K, committed 3328K, reserved 1048576K
}
Event: 21.285 GC heap after
{Heap after GC invocations=5 (full 0):
 garbage-first heap   total reserved 1904640K, committed 44032K, used 15406K [0x000000008bc00000, 0x0000000100000000)
  region size 1024K, 3 young (3072K), 3 survivors (3072K)
 Metaspace       used 32821K, committed 33152K, reserved 1114112K
  class space    used 3150K, committed 3328K, reserved 1048576K
}
Event: 24.554 GC heap before
{Heap before GC invocations=5 (full 0):
 garbage-first heap   total reserved 1904640K, committed 44032K, used 31790K [0x000000008bc00000, 0x0000000100000000)
  region size 1024K, 20 young (20480K), 3 survivors (3072K)
 Metaspace       used 33817K, committed 34176K, reserved 1114112K
  class space    used 3257K, committed 3456K, reserved 1048576K
}
Event: 24.560 GC heap after
{Heap after GC invocations=6 (full 0):
 garbage-first heap   total reserved 1904640K, committed 44032K, used 17942K [0x000000008bc00000, 0x0000000100000000)
  region size 1024K, 3 young (3072K), 3 survivors (3072K)
 Metaspace       used 33817K, committed 34176K, reserved 1114112K
  class space    used 3257K, committed 3456K, reserved 1048576K
}

