# JRE version: OpenJDK Runtime Environment Temurin-21.0.7+6 (21.0.7+6) (build 21.0.7+6-LTS)
# Java VM: OpenJDK 64-Bit Server VM Temurin-21.0.7+6 (21.0.7+6-LTS, mixed mode, sharing, tiered, compressed oops, compressed class ptrs, parallel gc, windows-amd64)
GC Precious Log:
 CardTable entry size: 512
 CPUs: 12 total, 12 available
 Memory: 7439M
 Large Page Support: Disabled
 NUMA Support: Disabled
 Compressed Oops: Enabled (32-bit)
 Alignments: Space 512K, Generation 512K, Heap 2M
 Heap Min Capacity: 128M
 Heap Initial Capacity: 128M
 Heap Max Capacity: 512M
 Pre-touch: Disabled
 Parallel Workers: 10
Heap:
 PSYoungGen      total 60928K, used 29176K [0x00000000f5580000, 0x00000000f9e80000, 0x0000000100000000)
  eden space 48640K, 59% used [0x00000000f5580000,0x00000000f71fe038,0x00000000f8500000)
  from space 12288K, 0% used [0x00000000f9180000,0x00000000f9180000,0x00000000f9d80000)
  to   space 12800K, 0% used [0x00000000f8500000,0x00000000f8500000,0x00000000f9180000)
 ParOldGen       total 87552K, used 29609K [0x00000000e0000000, 0x00000000e5580000, 0x00000000f5580000)
  object space 87552K, 33% used [0x00000000e0000000,0x00000000e1cea690,0x00000000e5580000)
 Metaspace       used 37862K, committed 39232K, reserved 1114112K
  class space    used 5278K, committed 5952K, reserved 1048576K
GC Heap History (20 events):
Event: 3.938 GC heap before
{Heap before GC invocations=5 (full 0):
 PSYoungGen      total 38400K, used 38389K [0x00000000f5580000, 0x00000000f8000000, 0x0000000100000000)
  eden space 33280K, 100% used [0x00000000f5580000,0x00000000f7600000,0x00000000f7600000)
  from space 5120K, 99% used [0x00000000f7b00000,0x00000000f7ffd7c8,0x00000000f8000000)
  to   space 5120K, 0% used [0x00000000f7600000,0x00000000f7600000,0x00000000f7b00000)
 ParOldGen       total 87552K, used 12692K [0x00000000e0000000, 0x00000000e5580000, 0x00000000f5580000)
  object space 87552K, 14% used [0x00000000e0000000,0x00000000e0c65288,0x00000000e5580000)
 Metaspace       used 15016K, committed 15424K, reserved 1114112K
  class space    used 2015K, committed 2240K, reserved 1048576K
}
Event: 3.941 GC heap after
{Heap after GC invocations=5 (full 0):
 PSYoungGen      total 37888K, used 5109K [0x00000000f5580000, 0x00000000f8d80000, 0x0000000100000000)
  eden space 32768K, 0% used [0x00000000f5580000,0x00000000f5580000,0x00000000f7580000)
  from space 5120K, 99% used [0x00000000f7600000,0x00000000f7afd490,0x00000000f7b00000)
  to   space 12288K, 0% used [0x00000000f8180000,0x00000000f8180000,0x00000000f8d80000)
 ParOldGen       total 87552K, used 14865K [0x00000000e0000000, 0x00000000e5580000, 0x00000000f5580000)
  object space 87552K, 16% used [0x00000000e0000000,0x00000000e0e84588,0x00000000e5580000)
 Metaspace       used 15016K, committed 15424K, reserved 1114112K
  class space    used 2015K, committed 2240K, reserved 1048576K
}
Event: 4.800 GC heap before
{Heap before GC invocations=6 (full 0):
 PSYoungGen      total 37888K, used 37877K [0x00000000f5580000, 0x00000000f8d80000, 0x0000000100000000)
  eden space 32768K, 100% used [0x00000000f5580000,0x00000000f7580000,0x00000000f7580000)
  from space 5120K, 99% used [0x00000000f7600000,0x00000000f7afd490,0x00000000f7b00000)
  to   space 12288K, 0% used [0x00000000f8180000,0x00000000f8180000,0x00000000f8d80000)
 ParOldGen       total 87552K, used 14865K [0x00000000e0000000, 0x00000000e5580000, 0x00000000f5580000)
  object space 87552K, 16% used [0x00000000e0000000,0x00000000e0e84588,0x00000000e5580000)
 Metaspace       used 19434K, committed 20096K, reserved 1114112K
  class space    used 2749K, committed 3072K, reserved 1048576K
}
Event: 4.803 GC heap after
{Heap after GC invocations=6 (full 0):
 PSYoungGen      total 44032K, used 7177K [0x00000000f5580000, 0x00000000f8d00000, 0x0000000100000000)
  eden space 32256K, 0% used [0x00000000f5580000,0x00000000f5580000,0x00000000f7500000)
  from space 11776K, 60% used [0x00000000f8180000,0x00000000f8882598,0x00000000f8d00000)
  to   space 12288K, 0% used [0x00000000f7500000,0x00000000f7500000,0x00000000f8100000)
 ParOldGen       total 87552K, used 14873K [0x00000000e0000000, 0x00000000e5580000, 0x00000000f5580000)
  object space 87552K, 16% used [0x00000000e0000000,0x00000000e0e86588,0x00000000e5580000)
 Metaspace       used 19434K, committed 20096K, reserved 1114112K
  class space    used 2749K, committed 3072K, reserved 1048576K
}
Event: 4.954 GC heap before
{Heap before GC invocations=7 (full 0):
 PSYoungGen      total 44032K, used 19013K [0x00000000f5580000, 0x00000000f8d00000, 0x0000000100000000)
  eden space 32256K, 36% used [0x00000000f5580000,0x00000000f610f018,0x00000000f7500000)
  from space 11776K, 60% used [0x00000000f8180000,0x00000000f8882598,0x00000000f8d00000)
  to   space 12288K, 0% used [0x00000000f7500000,0x00000000f7500000,0x00000000f8100000)
 ParOldGen       total 87552K, used 14873K [0x00000000e0000000, 0x00000000e5580000, 0x00000000f5580000)
  object space 87552K, 16% used [0x00000000e0000000,0x00000000e0e86588,0x00000000e5580000)
 Metaspace       used 20826K, committed 21504K, reserved 1114112K
  class space    used 2976K, committed 3328K, reserved 1048576K
}
Event: 4.957 GC heap after
{Heap after GC invocations=7 (full 0):
 PSYoungGen      total 44544K, used 4047K [0x00000000f5580000, 0x00000000f8d00000, 0x0000000100000000)
  eden space 32256K, 0% used [0x00000000f5580000,0x00000000f5580000,0x00000000f7500000)
  from space 12288K, 32% used [0x00000000f7500000,0x00000000f78f3cd0,0x00000000f8100000)
  to   space 12288K, 0% used [0x00000000f8100000,0x00000000f8100000,0x00000000f8d00000)
 ParOldGen       total 87552K, used 18756K [0x00000000e0000000, 0x00000000e5580000, 0x00000000f5580000)
  object space 87552K, 21% used [0x00000000e0000000,0x00000000e12510b8,0x00000000e5580000)
 Metaspace       used 20826K, committed 21504K, reserved 1114112K
  class space    used 2976K, committed 3328K, reserved 1048576K
}
Event: 4.957 GC heap before
{Heap before GC invocations=8 (full 1):
 PSYoungGen      total 44544K, used 4047K [0x00000000f5580000, 0x00000000f8d00000, 0x0000000100000000)
  eden space 32256K, 0% used [0x00000000f5580000,0x00000000f5580000,0x00000000f7500000)
  from space 12288K, 32% used [0x00000000f7500000,0x00000000f78f3cd0,0x00000000f8100000)
  to   space 12288K, 0% used [0x00000000f8100000,0x00000000f8100000,0x00000000f8d00000)
 ParOldGen       total 87552K, used 18756K [0x00000000e0000000, 0x00000000e5580000, 0x00000000f5580000)
  object space 87552K, 21% used [0x00000000e0000000,0x00000000e12510b8,0x00000000e5580000)
 Metaspace       used 20826K, committed 21504K, reserved 1114112K
  class space    used 2976K, committed 3328K, reserved 1048576K
}
Event: 4.975 GC heap after
{Heap after GC invocations=8 (full 1):
 PSYoungGen      total 44544K, used 0K [0x00000000f5580000, 0x00000000f8d00000, 0x0000000100000000)
  eden space 32256K, 0% used [0x00000000f5580000,0x00000000f5580000,0x00000000f7500000)
  from space 12288K, 0% used [0x00000000f7500000,0x00000000f7500000,0x00000000f8100000)
  to   space 12288K, 0% used [0x00000000f8100000,0x00000000f8100000,0x00000000f8d00000)
 ParOldGen       total 87552K, used 21956K [0x00000000e0000000, 0x00000000e5580000, 0x00000000f5580000)
  object space 87552K, 25% used [0x00000000e0000000,0x00000000e1571148,0x00000000e5580000)
 Metaspace       used 20826K, committed 21504K, reserved 1114112K
  class space    used 2976K, committed 3328K, reserved 1048576K
}
Event: 5.469 GC heap before
{Heap before GC invocations=9 (full 1):
 PSYoungGen      total 44544K, used 32256K [0x00000000f5580000, 0x00000000f8d00000, 0x0000000100000000)
  eden space 32256K, 100% used [0x00000000f5580000,0x00000000f7500000,0x00000000f7500000)
  from space 12288K, 0% used [0x00000000f7500000,0x00000000f7500000,0x00000000f8100000)
  to   space 12288K, 0% used [0x00000000f8100000,0x00000000f8100000,0x00000000f8d00000)
 ParOldGen       total 87552K, used 21956K [0x00000000e0000000, 0x00000000e5580000, 0x00000000f5580000)
  object space 87552K, 25% used [0x00000000e0000000,0x00000000e1571148,0x00000000e5580000)
 Metaspace       used 24856K, committed 25792K, reserved 1114112K
  class space    used 3623K, committed 4096K, reserved 1048576K
}
Event: 5.470 GC heap after
{Heap after GC invocations=9 (full 1):
 PSYoungGen      total 44032K, used 1824K [0x00000000f5580000, 0x00000000f8d80000, 0x0000000100000000)
  eden space 31744K, 0% used [0x00000000f5580000,0x00000000f5580000,0x00000000f7480000)
  from space 12288K, 14% used [0x00000000f8100000,0x00000000f82c8000,0x00000000f8d00000)
  to   space 12800K, 0% used [0x00000000f7480000,0x00000000f7480000,0x00000000f8100000)
 ParOldGen       total 87552K, used 21964K [0x00000000e0000000, 0x00000000e5580000, 0x00000000f5580000)
  object space 87552K, 25% used [0x00000000e0000000,0x00000000e1573148,0x00000000e5580000)
 Metaspace       used 24856K, committed 25792K, reserved 1114112K
  class space    used 3623K, committed 4096K, reserved 1048576K
}
Event: 5.908 GC heap before
{Heap before GC invocations=10 (full 1):
 PSYoungGen      total 44032K, used 33568K [0x00000000f5580000, 0x00000000f8d80000, 0x0000000100000000)
  eden space 31744K, 100% used [0x00000000f5580000,0x00000000f7480000,0x00000000f7480000)
  from space 12288K, 14% used [0x00000000f8100000,0x00000000f82c8000,0x00000000f8d00000)
  to   space 12800K, 0% used [0x00000000f7480000,0x00000000f7480000,0x00000000f8100000)
 ParOldGen       total 87552K, used 21964K [0x00000000e0000000, 0x00000000e5580000, 0x00000000f5580000)
  object space 87552K, 25% used [0x00000000e0000000,0x00000000e1573148,0x00000000e5580000)
 Metaspace       used 31511K, committed 32512K, reserved 1114112K
  class space    used 4358K, committed 4864K, reserved 1048576K
}
Event: 5.910 GC heap after
{Heap after GC invocations=10 (full 1):
 PSYoungGen      total 36864K, used 5552K [0x00000000f5580000, 0x00000000f8c00000, 0x0000000100000000)
  eden space 31232K, 0% used [0x00000000f5580000,0x00000000f5580000,0x00000000f7400000)
  from space 5632K, 98% used [0x00000000f7480000,0x00000000f79ec338,0x00000000f7a00000)
  to   space 12288K, 0% used [0x00000000f8000000,0x00000000f8000000,0x00000000f8c00000)
 ParOldGen       total 87552K, used 21972K [0x00000000e0000000, 0x00000000e5580000, 0x00000000f5580000)
  object space 87552K, 25% used [0x00000000e0000000,0x00000000e1575148,0x00000000e5580000)
 Metaspace       used 31511K, committed 32512K, reserved 1114112K
  class space    used 4358K, committed 4864K, reserved 1048576K
}
Event: 6.117 GC heap before
{Heap before GC invocations=11 (full 1):
 PSYoungGen      total 36864K, used 36784K [0x00000000f5580000, 0x00000000f8c00000, 0x0000000100000000)
  eden space 31232K, 100% used [0x00000000f5580000,0x00000000f7400000,0x00000000f7400000)
  from space 5632K, 98% used [0x00000000f7480000,0x00000000f79ec338,0x00000000f7a00000)
  to   space 12288K, 0% used [0x00000000f8000000,0x00000000f8000000,0x00000000f8c00000)
 ParOldGen       total 87552K, used 21972K [0x00000000e0000000, 0x00000000e5580000, 0x00000000f5580000)
  object space 87552K, 25% used [0x00000000e0000000,0x00000000e1575148,0x00000000e5580000)
 Metaspace       used 33801K, committed 34880K, reserved 1114112K
  class space    used 4582K, committed 5120K, reserved 1048576K
}
Event: 6.120 GC heap after
{Heap after GC invocations=11 (full 1):
 PSYoungGen      total 42496K, used 5016K [0x00000000f5580000, 0x00000000f8b80000, 0x0000000100000000)
  eden space 30720K, 0% used [0x00000000f5580000,0x00000000f5580000,0x00000000f7380000)
  from space 11776K, 42% used [0x00000000f8000000,0x00000000f84e61b8,0x00000000f8b80000)
  to   space 12288K, 0% used [0x00000000f7380000,0x00000000f7380000,0x00000000f7f80000)
 ParOldGen       total 87552K, used 23644K [0x00000000e0000000, 0x00000000e5580000, 0x00000000f5580000)
  object space 87552K, 27% used [0x00000000e0000000,0x00000000e17170f8,0x00000000e5580000)
 Metaspace       used 33801K, committed 34880K, reserved 1114112K
  class space    used 4582K, committed 5120K, reserved 1048576K
}
Event: 6.261 GC heap before
{Heap before GC invocations=12 (full 1):
 PSYoungGen      total 42496K, used 35736K [0x00000000f5580000, 0x00000000f8b80000, 0x0000000100000000)
  eden space 30720K, 100% used [0x00000000f5580000,0x00000000f7380000,0x00000000f7380000)
  from space 11776K, 42% used [0x00000000f8000000,0x00000000f84e61b8,0x00000000f8b80000)
  to   space 12288K, 0% used [0x00000000f7380000,0x00000000f7380000,0x00000000f7f80000)
 ParOldGen       total 87552K, used 23644K [0x00000000e0000000, 0x00000000e5580000, 0x00000000f5580000)
  object space 87552K, 27% used [0x00000000e0000000,0x00000000e17170f8,0x00000000e5580000)
 Metaspace       used 34583K, committed 35648K, reserved 1114112K
  class space    used 4707K, committed 5248K, reserved 1048576K
}
Event: 6.263 GC heap after
{Heap after GC invocations=12 (full 1):
 PSYoungGen      total 43008K, used 1088K [0x00000000f5580000, 0x00000000f9d80000, 0x0000000100000000)
  eden space 30720K, 0% used [0x00000000f5580000,0x00000000f5580000,0x00000000f7380000)
  from space 12288K, 8% used [0x00000000f7380000,0x00000000f7490000,0x00000000f7f80000)
  to   space 12288K, 0% used [0x00000000f9180000,0x00000000f9180000,0x00000000f9d80000)
 ParOldGen       total 87552K, used 28544K [0x00000000e0000000, 0x00000000e5580000, 0x00000000f5580000)
  object space 87552K, 32% used [0x00000000e0000000,0x00000000e1be0310,0x00000000e5580000)
 Metaspace       used 34583K, committed 35648K, reserved 1114112K
  class space    used 4707K, committed 5248K, reserved 1048576K
}
Event: 6.308 GC heap before
{Heap before GC invocations=13 (full 1):
 PSYoungGen      total 43008K, used 2941K [0x00000000f5580000, 0x00000000f9d80000, 0x0000000100000000)
  eden space 30720K, 6% used [0x00000000f5580000,0x00000000f574f660,0x00000000f7380000)
  from space 12288K, 8% used [0x00000000f7380000,0x00000000f7490000,0x00000000f7f80000)
  to   space 12288K, 0% used [0x00000000f9180000,0x00000000f9180000,0x00000000f9d80000)
 ParOldGen       total 87552K, used 28544K [0x00000000e0000000, 0x00000000e5580000, 0x00000000f5580000)
  object space 87552K, 32% used [0x00000000e0000000,0x00000000e1be0310,0x00000000e5580000)
 Metaspace       used 34763K, committed 35840K, reserved 1114112K
  class space    used 4738K, committed 5312K, reserved 1048576K
}
Event: 6.309 GC heap after
{Heap after GC invocations=13 (full 1):
 PSYoungGen      total 60928K, used 576K [0x00000000f5580000, 0x00000000f9e80000, 0x0000000100000000)
  eden space 48640K, 0% used [0x00000000f5580000,0x00000000f5580000,0x00000000f8500000)
  from space 12288K, 4% used [0x00000000f9180000,0x00000000f9210000,0x00000000f9d80000)
  to   space 12800K, 0% used [0x00000000f8500000,0x00000000f8500000,0x00000000f9180000)
 ParOldGen       total 87552K, used 29472K [0x00000000e0000000, 0x00000000e5580000, 0x00000000f5580000)
  object space 87552K, 33% used [0x00000000e0000000,0x00000000e1cc8330,0x00000000e5580000)
 Metaspace       used 34763K, committed 35840K, reserved 1114112K
  class space    used 4738K, committed 5312K, reserved 1048576K
}
Event: 6.309 GC heap before
{Heap before GC invocations=14 (full 2):
 PSYoungGen      total 60928K, used 576K [0x00000000f5580000, 0x00000000f9e80000, 0x0000000100000000)
  eden space 48640K, 0% used [0x00000000f5580000,0x00000000f5580000,0x00000000f8500000)
  from space 12288K, 4% used [0x00000000f9180000,0x00000000f9210000,0x00000000f9d80000)
  to   space 12800K, 0% used [0x00000000f8500000,0x00000000f8500000,0x00000000f9180000)
 ParOldGen       total 87552K, used 29472K [0x00000000e0000000, 0x00000000e5580000, 0x00000000f5580000)
  object space 87552K, 33% used [0x00000000e0000000,0x00000000e1cc8330,0x00000000e5580000)
 Metaspace       used 34763K, committed 35840K, reserved 1114112K
  class space    used 4738K, committed 5312K, reserved 1048576K
}
Event: 6.330 GC heap after
{Heap after GC invocations=14 (full 2):
 PSYoungGen      total 60928K, used 0K [0x00000000f5580000, 0x00000000f9e80000, 0x0000000100000000)
  eden space 48640K, 0% used [0x00000000f5580000,0x00000000f5580000,0x00000000f8500000)
  from space 12288K, 0% used [0x00000000f9180000,0x00000000f9180000,0x00000000f9d80000)
  to   space 12800K, 0% used [0x00000000f8500000,0x00000000f8500000,0x00000000f9180000)
 ParOldGen       total 87552K, used 29609K [0x00000000e0000000, 0x00000000e5580000, 0x00000000f5580000)
  object space 87552K, 33% used [0x00000000e0000000,0x00000000e1cea690,0x00000000e5580000)
 Metaspace       used 34763K, committed 35840K, reserved 1114112K
  class space    used 4738K, committed 5312K, reserved 1048576K
}

