# JRE version: OpenJDK Runtime Environment (24.0.2+12) (build 24.0.2+12-54)
# Java VM: OpenJDK 64-Bit Server VM (24.0.2+12-54, mixed mode, sharing, tiered, compressed oops, compressed class ptrs, g1 gc, windows-amd64)
GC Precious Log:
 CardTable entry size: 512
 Card Set container configuration: InlinePtr #cards 5 size 8 Array Of Cards #cards 10 size 36 Howl #buckets 4 coarsen threshold 1843 Howl Bitmap #cards 512 size 80 coarsen threshold 460 Card regions per heap region 1 cards per card region 2048
 CPUs: 12 total, 12 available
 Memory: 7439M
 Large Page Support: Disabled
 NUMA Support: Disabled
 Compressed Oops: Enabled (32-bit)
 Heap Region Size: 1M
 Heap Min Capacity: 8M
 Heap Initial Capacity: 118M
 Heap Max Capacity: 2G
 Pre-touch: Disabled
 Parallel Workers: 10
 Concurrent Workers: 3
 Concurrent Refinement Workers: 10
 Periodic GC: Disabled
Heap:
 garbage-first heap   total reserved 2097152K, committed 122880K, used 105027K [0x0000000080000000, 0x0000000100000000)
  region size 1024K, 35 young (35840K), 4 survivors (4096K)
 Metaspace       used 48572K, committed 50176K, reserved 1114112K
  class space    used 5761K, committed 6528K, reserved 1048576K
GC Heap History (20 events):
Event: 6.408 GC heap before
{Heap before GC invocations=6 (full 0):
 garbage-first heap   total reserved 2097152K, committed 101376K, used 87076K [0x0000000080000000, 0x0000000100000000)
  region size 1024K, 40 young (40960K), 8 survivors (8192K)
 Metaspace       used 29418K, committed 30464K, reserved 1114112K
  class space    used 3420K, committed 3904K, reserved 1048576K
}
Event: 6.413 GC heap after
{Heap after GC invocations=7 (full 0):
 garbage-first heap   total reserved 2097152K, committed 102400K, used 58337K [0x0000000080000000, 0x0000000100000000)
  region size 1024K, 4 young (4096K), 4 survivors (4096K)
 Metaspace       used 29418K, committed 30464K, reserved 1114112K
  class space    used 3420K, committed 3904K, reserved 1048576K
}
Event: 6.921 GC heap before
{Heap before GC invocations=7 (full 0):
 garbage-first heap   total reserved 2097152K, committed 102400K, used 85985K [0x0000000080000000, 0x0000000100000000)
  region size 1024K, 32 young (32768K), 4 survivors (4096K)
 Metaspace       used 34289K, committed 35328K, reserved 1114112K
  class space    used 3800K, committed 4288K, reserved 1048576K
}
Event: 6.925 GC heap after
{Heap after GC invocations=8 (full 0):
 garbage-first heap   total reserved 2097152K, committed 102400K, used 62156K [0x0000000080000000, 0x0000000100000000)
  region size 1024K, 4 young (4096K), 4 survivors (4096K)
 Metaspace       used 34289K, committed 35328K, reserved 1114112K
  class space    used 3800K, committed 4288K, reserved 1048576K
}
Event: 7.286 GC heap before
{Heap before GC invocations=9 (full 0):
 garbage-first heap   total reserved 2097152K, committed 106496K, used 92876K [0x0000000080000000, 0x0000000100000000)
  region size 1024K, 30 young (30720K), 4 survivors (4096K)
 Metaspace       used 36129K, committed 37248K, reserved 1114112K
  class space    used 3922K, committed 4480K, reserved 1048576K
}
Event: 7.289 GC heap after
{Heap after GC invocations=10 (full 0):
 garbage-first heap   total reserved 2097152K, committed 106496K, used 63592K [0x0000000080000000, 0x0000000100000000)
  region size 1024K, 3 young (3072K), 3 survivors (3072K)
 Metaspace       used 36129K, committed 37248K, reserved 1114112K
  class space    used 3922K, committed 4480K, reserved 1048576K
}
Event: 7.713 GC heap before
{Heap before GC invocations=10 (full 0):
 garbage-first heap   total reserved 2097152K, committed 106496K, used 93288K [0x0000000080000000, 0x0000000100000000)
  region size 1024K, 32 young (32768K), 3 survivors (3072K)
 Metaspace       used 38730K, committed 40064K, reserved 1114112K
  class space    used 4295K, committed 4928K, reserved 1048576K
}
Event: 7.715 GC heap after
{Heap after GC invocations=11 (full 0):
 garbage-first heap   total reserved 2097152K, committed 106496K, used 65683K [0x0000000080000000, 0x0000000100000000)
  region size 1024K, 3 young (3072K), 3 survivors (3072K)
 Metaspace       used 38730K, committed 40064K, reserved 1114112K
  class space    used 4295K, committed 4928K, reserved 1048576K
}
Event: 8.157 GC heap before
{Heap before GC invocations=11 (full 0):
 garbage-first heap   total reserved 2097152K, committed 106496K, used 94355K [0x0000000080000000, 0x0000000100000000)
  region size 1024K, 31 young (31744K), 3 survivors (3072K)
 Metaspace       used 41467K, committed 42944K, reserved 1114112K
  class space    used 4668K, committed 5376K, reserved 1048576K
}
Event: 8.160 GC heap after
{Heap after GC invocations=12 (full 0):
 garbage-first heap   total reserved 2097152K, committed 106496K, used 66995K [0x0000000080000000, 0x0000000100000000)
  region size 1024K, 4 young (4096K), 4 survivors (4096K)
 Metaspace       used 41467K, committed 42944K, reserved 1114112K
  class space    used 4668K, committed 5376K, reserved 1048576K
}
Event: 8.614 GC heap before
{Heap before GC invocations=13 (full 0):
 garbage-first heap   total reserved 2097152K, committed 114688K, used 93619K [0x0000000080000000, 0x0000000100000000)
  region size 1024K, 30 young (30720K), 4 survivors (4096K)
 Metaspace       used 43977K, committed 45568K, reserved 1114112K
  class space    used 5063K, committed 5824K, reserved 1048576K
}
Event: 8.620 GC heap after
{Heap after GC invocations=14 (full 0):
 garbage-first heap   total reserved 2097152K, committed 114688K, used 68258K [0x0000000080000000, 0x0000000100000000)
  region size 1024K, 3 young (3072K), 3 survivors (3072K)
 Metaspace       used 43977K, committed 45568K, reserved 1114112K
  class space    used 5063K, committed 5824K, reserved 1048576K
}
Event: 11.209 GC heap before
{Heap before GC invocations=14 (full 0):
 garbage-first heap   total reserved 2097152K, committed 114688K, used 103074K [0x0000000080000000, 0x0000000100000000)
  region size 1024K, 37 young (37888K), 3 survivors (3072K)
 Metaspace       used 47437K, committed 49024K, reserved 1114112K
  class space    used 5628K, committed 6336K, reserved 1048576K
}
Event: 11.214 GC heap after
{Heap after GC invocations=15 (full 0):
 garbage-first heap   total reserved 2097152K, committed 114688K, used 70610K [0x0000000080000000, 0x0000000100000000)
  region size 1024K, 5 young (5120K), 5 survivors (5120K)
 Metaspace       used 47437K, committed 49024K, reserved 1114112K
  class space    used 5628K, committed 6336K, reserved 1048576K
}
Event: 11.394 GC heap before
{Heap before GC invocations=15 (full 0):
 garbage-first heap   total reserved 2097152K, committed 114688K, used 102354K [0x0000000080000000, 0x0000000100000000)
  region size 1024K, 36 young (36864K), 5 survivors (5120K)
 Metaspace       used 47659K, committed 49216K, reserved 1114112K
  class space    used 5639K, committed 6336K, reserved 1048576K
}
Event: 11.398 GC heap after
{Heap after GC invocations=16 (full 0):
 garbage-first heap   total reserved 2097152K, committed 114688K, used 72789K [0x0000000080000000, 0x0000000100000000)
  region size 1024K, 2 young (2048K), 2 survivors (2048K)
 Metaspace       used 47659K, committed 49216K, reserved 1114112K
  class space    used 5639K, committed 6336K, reserved 1048576K
}
Event: 11.514 GC heap before
{Heap before GC invocations=17 (full 0):
 garbage-first heap   total reserved 2097152K, committed 122880K, used 105557K [0x0000000080000000, 0x0000000100000000)
  region size 1024K, 34 young (34816K), 2 survivors (2048K)
 Metaspace       used 47696K, committed 49280K, reserved 1114112K
  class space    used 5641K, committed 6336K, reserved 1048576K
}
Event: 11.517 GC heap after
{Heap after GC invocations=18 (full 0):
 garbage-first heap   total reserved 2097152K, committed 122880K, used 73640K [0x0000000080000000, 0x0000000100000000)
  region size 1024K, 3 young (3072K), 3 survivors (3072K)
 Metaspace       used 47696K, committed 49280K, reserved 1114112K
  class space    used 5641K, committed 6336K, reserved 1048576K
}
Event: 11.755 GC heap before
{Heap before GC invocations=18 (full 0):
 garbage-first heap   total reserved 2097152K, committed 122880K, used 112552K [0x0000000080000000, 0x0000000100000000)
  region size 1024K, 41 young (41984K), 3 survivors (3072K)
 Metaspace       used 47702K, committed 49280K, reserved 1114112K
  class space    used 5641K, committed 6336K, reserved 1048576K
}
Event: 11.758 GC heap after
{Heap after GC invocations=19 (full 0):
 garbage-first heap   total reserved 2097152K, committed 122880K, used 74307K [0x0000000080000000, 0x0000000100000000)
  region size 1024K, 4 young (4096K), 4 survivors (4096K)
 Metaspace       used 47702K, committed 49280K, reserved 1114112K
  class space    used 5641K, committed 6336K, reserved 1048576K
}

