# JRE version: OpenJDK Runtime Environment (24.0.2+12) (build 24.0.2+12-54)
# Java VM: OpenJDK 64-Bit Server VM (24.0.2+12-54, mixed mode, sharing, tiered, compressed oops, compressed class ptrs, parallel gc, windows-amd64)
GC Precious Log:
 CardTable entry size: 512
 CPUs: 12 total, 12 available
 Memory: 7439M
 Large Page Support: Disabled
 NUMA Support: Disabled
 Compressed Oops: Enabled (32-bit)
 Alignments: Space 512K, Generation 512K, Heap 2M
 Heap Min Capacity: 128M
 Heap Initial Capacity: 128M
 Heap Max Capacity: 1G
 Pre-touch: Disabled
 Parallel Workers: 10
Heap:
 PSYoungGen      total 49664K, used 22145K [0x00000000eab00000, 0x00000000ef000000, 0x0000000100000000)
  eden space 30720K, 27% used [0x00000000eab00000,0x00000000eb33dab0,0x00000000ec900000)
  from space 18944K, 72% used [0x00000000ec980000,0x00000000ed6e2bb0,0x00000000edc00000)
  to   space 19968K, 0% used [0x00000000edc80000,0x00000000edc80000,0x00000000ef000000)
 ParOldGen       total 87552K, used 37743K [0x00000000c0000000, 0x00000000c5580000, 0x00000000eab00000)
  object space 87552K, 43% used [0x00000000c0000000,0x00000000c24dbed8,0x00000000c5580000)
 Metaspace       used 31812K, committed 32768K, reserved 1114112K
  class space    used 3579K, committed 4032K, reserved 1048576K
GC Heap History (20 events):
Event: 0.550 GC heap before
{Heap before GC invocations=1 (full 0):
 PSYoungGen      total 38400K, used 33280K [0x00000000eab00000, 0x00000000ed580000, 0x0000000100000000)
  eden space 33280K, 100% used [0x00000000eab00000,0x00000000ecb80000,0x00000000ecb80000)
  from space 5120K, 0% used [0x00000000ed080000,0x00000000ed080000,0x00000000ed580000)
  to   space 5120K, 0% used [0x00000000ecb80000,0x00000000ecb80000,0x00000000ed080000)
 ParOldGen       total 87552K, used 1136K [0x00000000c0000000, 0x00000000c5580000, 0x00000000eab00000)
  object space 87552K, 1% used [0x00000000c0000000,0x00000000c011c330,0x00000000c5580000)
 Metaspace       used 1063K, committed 1216K, reserved 1114112K
  class space    used 56K, committed 128K, reserved 1048576K
}
Event: 0.556 GC heap after
{Heap after GC invocations=1 (full 0):
 PSYoungGen      total 38400K, used 5109K [0x00000000eab00000, 0x00000000ef600000, 0x0000000100000000)
  eden space 33280K, 0% used [0x00000000eab00000,0x00000000eab00000,0x00000000ecb80000)
  from space 5120K, 99% used [0x00000000ecb80000,0x00000000ed07d518,0x00000000ed080000)
  to   space 5120K, 0% used [0x00000000ef100000,0x00000000ef100000,0x00000000ef600000)
 ParOldGen       total 87552K, used 5270K [0x00000000c0000000, 0x00000000c5580000, 0x00000000eab00000)
  object space 87552K, 6% used [0x00000000c0000000,0x00000000c0525bd0,0x00000000c5580000)
 Metaspace       used 1063K, committed 1216K, reserved 1114112K
  class space    used 56K, committed 128K, reserved 1048576K
}
Event: 1.092 GC heap before
{Heap before GC invocations=2 (full 0):
 PSYoungGen      total 38400K, used 38389K [0x00000000eab00000, 0x00000000ef600000, 0x0000000100000000)
  eden space 33280K, 100% used [0x00000000eab00000,0x00000000ecb80000,0x00000000ecb80000)
  from space 5120K, 99% used [0x00000000ecb80000,0x00000000ed07d518,0x00000000ed080000)
  to   space 5120K, 0% used [0x00000000ef100000,0x00000000ef100000,0x00000000ef600000)
 ParOldGen       total 87552K, used 5270K [0x00000000c0000000, 0x00000000c5580000, 0x00000000eab00000)
  object space 87552K, 6% used [0x00000000c0000000,0x00000000c0525bd0,0x00000000c5580000)
 Metaspace       used 4486K, committed 4736K, reserved 1114112K
  class space    used 387K, committed 512K, reserved 1048576K
}
Event: 1.097 GC heap after
{Heap after GC invocations=2 (full 0):
 PSYoungGen      total 38400K, used 5103K [0x00000000eab00000, 0x00000000ef600000, 0x0000000100000000)
  eden space 33280K, 0% used [0x00000000eab00000,0x00000000eab00000,0x00000000ecb80000)
  from space 5120K, 99% used [0x00000000ef100000,0x00000000ef5fbd60,0x00000000ef600000)
  to   space 5120K, 0% used [0x00000000ecb80000,0x00000000ecb80000,0x00000000ed080000)
 ParOldGen       total 87552K, used 7034K [0x00000000c0000000, 0x00000000c5580000, 0x00000000eab00000)
  object space 87552K, 8% used [0x00000000c0000000,0x00000000c06de960,0x00000000c5580000)
 Metaspace       used 4486K, committed 4736K, reserved 1114112K
  class space    used 387K, committed 512K, reserved 1048576K
}
Event: 1.488 GC heap before
{Heap before GC invocations=3 (full 0):
 PSYoungGen      total 38400K, used 38383K [0x00000000eab00000, 0x00000000ef600000, 0x0000000100000000)
  eden space 33280K, 100% used [0x00000000eab00000,0x00000000ecb80000,0x00000000ecb80000)
  from space 5120K, 99% used [0x00000000ef100000,0x00000000ef5fbd60,0x00000000ef600000)
  to   space 5120K, 0% used [0x00000000ecb80000,0x00000000ecb80000,0x00000000ed080000)
 ParOldGen       total 87552K, used 7034K [0x00000000c0000000, 0x00000000c5580000, 0x00000000eab00000)
  object space 87552K, 8% used [0x00000000c0000000,0x00000000c06de960,0x00000000c5580000)
 Metaspace       used 4553K, committed 4800K, reserved 1114112K
  class space    used 388K, committed 512K, reserved 1048576K
}
Event: 1.494 GC heap after
{Heap after GC invocations=3 (full 0):
 PSYoungGen      total 38400K, used 5113K [0x00000000eab00000, 0x00000000ef600000, 0x0000000100000000)
  eden space 33280K, 0% used [0x00000000eab00000,0x00000000eab00000,0x00000000ecb80000)
  from space 5120K, 99% used [0x00000000ecb80000,0x00000000ed07e738,0x00000000ed080000)
  to   space 5120K, 0% used [0x00000000ef100000,0x00000000ef100000,0x00000000ef600000)
 ParOldGen       total 87552K, used 11326K [0x00000000c0000000, 0x00000000c5580000, 0x00000000eab00000)
  object space 87552K, 12% used [0x00000000c0000000,0x00000000c0b0fbd8,0x00000000c5580000)
 Metaspace       used 4553K, committed 4800K, reserved 1114112K
  class space    used 388K, committed 512K, reserved 1048576K
}
Event: 2.584 GC heap before
{Heap before GC invocations=4 (full 0):
 PSYoungGen      total 38400K, used 38393K [0x00000000eab00000, 0x00000000ef600000, 0x0000000100000000)
  eden space 33280K, 100% used [0x00000000eab00000,0x00000000ecb80000,0x00000000ecb80000)
  from space 5120K, 99% used [0x00000000ecb80000,0x00000000ed07e738,0x00000000ed080000)
  to   space 5120K, 0% used [0x00000000ef100000,0x00000000ef100000,0x00000000ef600000)
 ParOldGen       total 87552K, used 11326K [0x00000000c0000000, 0x00000000c5580000, 0x00000000eab00000)
  object space 87552K, 12% used [0x00000000c0000000,0x00000000c0b0fbd8,0x00000000c5580000)
 Metaspace       used 10904K, committed 11328K, reserved 1114112K
  class space    used 1120K, committed 1344K, reserved 1048576K
}
Event: 2.588 GC heap after
{Heap after GC invocations=4 (full 0):
 PSYoungGen      total 38400K, used 5103K [0x00000000eab00000, 0x00000000ef600000, 0x0000000100000000)
  eden space 33280K, 0% used [0x00000000eab00000,0x00000000eab00000,0x00000000ecb80000)
  from space 5120K, 99% used [0x00000000ef100000,0x00000000ef5fbd28,0x00000000ef600000)
  to   space 5120K, 0% used [0x00000000ecb80000,0x00000000ecb80000,0x00000000ed080000)
 ParOldGen       total 87552K, used 14616K [0x00000000c0000000, 0x00000000c5580000, 0x00000000eab00000)
  object space 87552K, 16% used [0x00000000c0000000,0x00000000c0e463b8,0x00000000c5580000)
 Metaspace       used 10904K, committed 11328K, reserved 1114112K
  class space    used 1120K, committed 1344K, reserved 1048576K
}
Event: 3.327 GC heap before
{Heap before GC invocations=5 (full 0):
 PSYoungGen      total 38400K, used 38383K [0x00000000eab00000, 0x00000000ef600000, 0x0000000100000000)
  eden space 33280K, 100% used [0x00000000eab00000,0x00000000ecb80000,0x00000000ecb80000)
  from space 5120K, 99% used [0x00000000ef100000,0x00000000ef5fbd28,0x00000000ef600000)
  to   space 5120K, 0% used [0x00000000ecb80000,0x00000000ecb80000,0x00000000ed080000)
 ParOldGen       total 87552K, used 14616K [0x00000000c0000000, 0x00000000c5580000, 0x00000000eab00000)
  object space 87552K, 16% used [0x00000000c0000000,0x00000000c0e463b8,0x00000000c5580000)
 Metaspace       used 16019K, committed 16512K, reserved 1114112K
  class space    used 1689K, committed 1920K, reserved 1048576K
}
Event: 3.330 GC heap after
{Heap after GC invocations=5 (full 0):
 PSYoungGen      total 37888K, used 5106K [0x00000000eab00000, 0x00000000ef180000, 0x0000000100000000)
  eden space 32768K, 0% used [0x00000000eab00000,0x00000000eab00000,0x00000000ecb00000)
  from space 5120K, 99% used [0x00000000ecb80000,0x00000000ed07cb58,0x00000000ed080000)
  to   space 10752K, 0% used [0x00000000ee700000,0x00000000ee700000,0x00000000ef180000)
 ParOldGen       total 87552K, used 16243K [0x00000000c0000000, 0x00000000c5580000, 0x00000000eab00000)
  object space 87552K, 18% used [0x00000000c0000000,0x00000000c0fdce28,0x00000000c5580000)
 Metaspace       used 16019K, committed 16512K, reserved 1114112K
  class space    used 1689K, committed 1920K, reserved 1048576K
}
Event: 3.940 GC heap before
{Heap before GC invocations=6 (full 0):
 PSYoungGen      total 37888K, used 37874K [0x00000000eab00000, 0x00000000ef180000, 0x0000000100000000)
  eden space 32768K, 100% used [0x00000000eab00000,0x00000000ecb00000,0x00000000ecb00000)
  from space 5120K, 99% used [0x00000000ecb80000,0x00000000ed07cb58,0x00000000ed080000)
  to   space 10752K, 0% used [0x00000000ee700000,0x00000000ee700000,0x00000000ef180000)
 ParOldGen       total 87552K, used 16243K [0x00000000c0000000, 0x00000000c5580000, 0x00000000eab00000)
  object space 87552K, 18% used [0x00000000c0000000,0x00000000c0fdce28,0x00000000c5580000)
 Metaspace       used 20215K, committed 20864K, reserved 1114112K
  class space    used 2195K, committed 2496K, reserved 1048576K
}
Event: 3.945 GC heap after
{Heap after GC invocations=6 (full 0):
 PSYoungGen      total 39424K, used 7156K [0x00000000eab00000, 0x00000000eee00000, 0x0000000100000000)
  eden space 32256K, 0% used [0x00000000eab00000,0x00000000eab00000,0x00000000eca80000)
  from space 7168K, 99% used [0x00000000ee700000,0x00000000eedfd2d0,0x00000000eee00000)
  to   space 10240K, 0% used [0x00000000eda00000,0x00000000eda00000,0x00000000ee400000)
 ParOldGen       total 87552K, used 16243K [0x00000000c0000000, 0x00000000c5580000, 0x00000000eab00000)
  object space 87552K, 18% used [0x00000000c0000000,0x00000000c0fdce28,0x00000000c5580000)
 Metaspace       used 20215K, committed 20864K, reserved 1114112K
  class space    used 2195K, committed 2496K, reserved 1048576K
}
Event: 4.040 GC heap before
{Heap before GC invocations=7 (full 1):
 PSYoungGen      total 39424K, used 12524K [0x00000000eab00000, 0x00000000eee00000, 0x0000000100000000)
  eden space 32256K, 16% used [0x00000000eab00000,0x00000000eb03e030,0x00000000eca80000)
  from space 7168K, 99% used [0x00000000ee700000,0x00000000eedfd2d0,0x00000000eee00000)
  to   space 10240K, 0% used [0x00000000eda00000,0x00000000eda00000,0x00000000ee400000)
 ParOldGen       total 87552K, used 16243K [0x00000000c0000000, 0x00000000c5580000, 0x00000000eab00000)
  object space 87552K, 18% used [0x00000000c0000000,0x00000000c0fdce28,0x00000000c5580000)
 Metaspace       used 20898K, committed 21504K, reserved 1114112K
  class space    used 2267K, committed 2560K, reserved 1048576K
}
Event: 4.056 GC heap after
{Heap after GC invocations=7 (full 1):
 PSYoungGen      total 39424K, used 0K [0x00000000eab00000, 0x00000000eee00000, 0x0000000100000000)
  eden space 32256K, 0% used [0x00000000eab00000,0x00000000eab00000,0x00000000eca80000)
  from space 7168K, 0% used [0x00000000ee700000,0x00000000ee700000,0x00000000eee00000)
  to   space 10240K, 0% used [0x00000000eda00000,0x00000000eda00000,0x00000000ee400000)
 ParOldGen       total 87552K, used 23445K [0x00000000c0000000, 0x00000000c5580000, 0x00000000eab00000)
  object space 87552K, 26% used [0x00000000c0000000,0x00000000c16e54f8,0x00000000c5580000)
 Metaspace       used 20898K, committed 21504K, reserved 1114112K
  class space    used 2267K, committed 2560K, reserved 1048576K
}
Event: 5.654 GC heap before
{Heap before GC invocations=8 (full 1):
 PSYoungGen      total 39424K, used 32256K [0x00000000eab00000, 0x00000000eee00000, 0x0000000100000000)
  eden space 32256K, 100% used [0x00000000eab00000,0x00000000eca80000,0x00000000eca80000)
  from space 7168K, 0% used [0x00000000ee700000,0x00000000ee700000,0x00000000eee00000)
  to   space 10240K, 0% used [0x00000000eda00000,0x00000000eda00000,0x00000000ee400000)
 ParOldGen       total 87552K, used 23445K [0x00000000c0000000, 0x00000000c5580000, 0x00000000eab00000)
  object space 87552K, 26% used [0x00000000c0000000,0x00000000c16e54f8,0x00000000c5580000)
 Metaspace       used 24340K, committed 25216K, reserved 1114112K
  class space    used 2792K, committed 3200K, reserved 1048576K
}
Event: 5.657 GC heap after
{Heap after GC invocations=8 (full 1):
 PSYoungGen      total 33792K, used 1824K [0x00000000eab00000, 0x00000000ee780000, 0x0000000100000000)
  eden space 31744K, 0% used [0x00000000eab00000,0x00000000eab00000,0x00000000eca00000)
  from space 2048K, 89% used [0x00000000eda00000,0x00000000edbc8000,0x00000000edc00000)
  to   space 11264K, 0% used [0x00000000edc80000,0x00000000edc80000,0x00000000ee780000)
 ParOldGen       total 87552K, used 23453K [0x00000000c0000000, 0x00000000c5580000, 0x00000000eab00000)
  object space 87552K, 26% used [0x00000000c0000000,0x00000000c16e74f8,0x00000000c5580000)
 Metaspace       used 24340K, committed 25216K, reserved 1114112K
  class space    used 2792K, committed 3200K, reserved 1048576K
}
Event: 6.055 GC heap before
{Heap before GC invocations=9 (full 1):
 PSYoungGen      total 33792K, used 33568K [0x00000000eab00000, 0x00000000ee780000, 0x0000000100000000)
  eden space 31744K, 100% used [0x00000000eab00000,0x00000000eca00000,0x00000000eca00000)
  from space 2048K, 89% used [0x00000000eda00000,0x00000000edbc8000,0x00000000edc00000)
  to   space 11264K, 0% used [0x00000000edc80000,0x00000000edc80000,0x00000000ee780000)
 ParOldGen       total 87552K, used 23453K [0x00000000c0000000, 0x00000000c5580000, 0x00000000eab00000)
  object space 87552K, 26% used [0x00000000c0000000,0x00000000c16e74f8,0x00000000c5580000)
 Metaspace       used 25069K, committed 26048K, reserved 1114112K
  class space    used 2875K, committed 3328K, reserved 1048576K
}
Event: 6.063 GC heap after
{Heap after GC invocations=9 (full 1):
 PSYoungGen      total 42496K, used 11253K [0x00000000eab00000, 0x00000000eee80000, 0x0000000100000000)
  eden space 31232K, 0% used [0x00000000eab00000,0x00000000eab00000,0x00000000ec980000)
  from space 11264K, 99% used [0x00000000edc80000,0x00000000ee77d5b0,0x00000000ee780000)
  to   space 18944K, 0% used [0x00000000ec980000,0x00000000ec980000,0x00000000edc00000)
 ParOldGen       total 87552K, used 37735K [0x00000000c0000000, 0x00000000c5580000, 0x00000000eab00000)
  object space 87552K, 43% used [0x00000000c0000000,0x00000000c24d9ed8,0x00000000c5580000)
 Metaspace       used 25069K, committed 26048K, reserved 1114112K
  class space    used 2875K, committed 3328K, reserved 1048576K
}
Event: 6.767 GC heap before
{Heap before GC invocations=10 (full 1):
 PSYoungGen      total 42496K, used 42485K [0x00000000eab00000, 0x00000000eee80000, 0x0000000100000000)
  eden space 31232K, 100% used [0x00000000eab00000,0x00000000ec980000,0x00000000ec980000)
  from space 11264K, 99% used [0x00000000edc80000,0x00000000ee77d5b0,0x00000000ee780000)
  to   space 18944K, 0% used [0x00000000ec980000,0x00000000ec980000,0x00000000edc00000)
 ParOldGen       total 87552K, used 37735K [0x00000000c0000000, 0x00000000c5580000, 0x00000000eab00000)
  object space 87552K, 43% used [0x00000000c0000000,0x00000000c24d9ed8,0x00000000c5580000)
 Metaspace       used 29373K, committed 30464K, reserved 1114112K
  class space    used 3406K, committed 3904K, reserved 1048576K
}
Event: 6.772 GC heap after
{Heap after GC invocations=10 (full 1):
 PSYoungGen      total 49664K, used 13706K [0x00000000eab00000, 0x00000000ef000000, 0x0000000100000000)
  eden space 30720K, 0% used [0x00000000eab00000,0x00000000eab00000,0x00000000ec900000)
  from space 18944K, 72% used [0x00000000ec980000,0x00000000ed6e2bb0,0x00000000edc00000)
  to   space 19968K, 0% used [0x00000000edc80000,0x00000000edc80000,0x00000000ef000000)
 ParOldGen       total 87552K, used 37743K [0x00000000c0000000, 0x00000000c5580000, 0x00000000eab00000)
  object space 87552K, 43% used [0x00000000c0000000,0x00000000c24dbed8,0x00000000c5580000)
 Metaspace       used 29373K, committed 30464K, reserved 1114112K
  class space    used 3406K, committed 3904K, reserved 1048576K
}

