# JRE version: OpenJDK Runtime Environment (24.0.2+12) (build 24.0.2+12-54)
# Java VM: OpenJDK 64-Bit Server VM (24.0.2+12-54, mixed mode, sharing, tiered, compressed oops, compressed class ptrs, g1 gc, windows-amd64)
GC Precious Log:
 CardTable entry size: 512
 Card Set container configuration: InlinePtr #cards 5 size 8 Array Of Cards #cards 10 size 36 Howl #buckets 4 coarsen threshold 1843 Howl Bitmap #cards 512 size 80 coarsen threshold 460 Card regions per heap region 1 cards per card region 2048
 CPUs: 12 total, 12 available
 Memory: 7439M
 Large Page Support: Disabled
 NUMA Support: Disabled
 Compressed Oops: Enabled (32-bit)
 Heap Region Size: 1M
 Heap Min Capacity: 256M
 Heap Initial Capacity: 256M
 Heap Max Capacity: 512M
 Pre-touch: Disabled
 Parallel Workers: 10
 Concurrent Workers: 3
 Concurrent Refinement Workers: 10
 Periodic GC: Disabled
Heap:
 garbage-first heap   total reserved 524288K, committed 262144K, used 189634K [0x00000000e0000000, 0x0000000100000000)
  region size 1024K, 74 young (75776K), 12 survivors (12288K)
 Metaspace       used 84888K, committed 87104K, reserved 458752K
  class space    used 10045K, committed 11072K, reserved 327680K
GC Heap History (20 events):
Event: 5.851 GC heap before
{Heap before GC invocations=4 (full 0):
 garbage-first heap   total reserved 524288K, committed 262144K, used 177066K [0x00000000e0000000, 0x0000000100000000)
  region size 1024K, 138 young (141312K), 11 survivors (11264K)
 Metaspace       used 34862K, committed 35968K, reserved 393216K
  class space    used 3863K, committed 4416K, reserved 327680K
}
Event: 5.861 GC heap after
{Heap after GC invocations=5 (full 0):
 garbage-first heap   total reserved 524288K, committed 262144K, used 62060K [0x00000000e0000000, 0x0000000100000000)
  region size 1024K, 16 young (16384K), 16 survivors (16384K)
 Metaspace       used 34862K, committed 35968K, reserved 393216K
  class space    used 3863K, committed 4416K, reserved 327680K
}
Event: 5.894 GC heap before
{Heap before GC invocations=5 (full 0):
 garbage-first heap   total reserved 524288K, committed 262144K, used 66156K [0x00000000e0000000, 0x0000000100000000)
  region size 1024K, 21 young (21504K), 16 survivors (16384K)
 Metaspace       used 35223K, committed 36288K, reserved 393216K
  class space    used 3892K, committed 4416K, reserved 327680K
}
Event: 5.899 GC heap after
{Heap after GC invocations=6 (full 0):
 garbage-first heap   total reserved 524288K, committed 262144K, used 64213K [0x00000000e0000000, 0x0000000100000000)
  region size 1024K, 2 young (2048K), 2 survivors (2048K)
 Metaspace       used 35223K, committed 36288K, reserved 393216K
  class space    used 3892K, committed 4416K, reserved 327680K
}
Event: 5.912 GC heap before
{Heap before GC invocations=6 (full 0):
 garbage-first heap   total reserved 524288K, committed 262144K, used 70357K [0x00000000e0000000, 0x0000000100000000)
  region size 1024K, 4 young (4096K), 2 survivors (2048K)
 Metaspace       used 35542K, committed 36608K, reserved 393216K
  class space    used 3893K, committed 4416K, reserved 327680K
}
Event: 5.913 GC heap after
{Heap after GC invocations=7 (full 0):
 garbage-first heap   total reserved 524288K, committed 262144K, used 65140K [0x00000000e0000000, 0x0000000100000000)
  region size 1024K, 1 young (1024K), 1 survivors (1024K)
 Metaspace       used 35542K, committed 36608K, reserved 393216K
  class space    used 3893K, committed 4416K, reserved 327680K
}
Event: 7.260 GC heap before
{Heap before GC invocations=8 (full 0):
 garbage-first heap   total reserved 524288K, committed 262144K, used 192116K [0x00000000e0000000, 0x0000000100000000)
  region size 1024K, 126 young (129024K), 1 survivors (1024K)
 Metaspace       used 47579K, committed 49152K, reserved 393216K
  class space    used 5633K, committed 6336K, reserved 327680K
}
Event: 7.265 GC heap after
{Heap after GC invocations=9 (full 0):
 garbage-first heap   total reserved 524288K, committed 262144K, used 70734K [0x00000000e0000000, 0x0000000100000000)
  region size 1024K, 9 young (9216K), 9 survivors (9216K)
 Metaspace       used 47579K, committed 49152K, reserved 393216K
  class space    used 5633K, committed 6336K, reserved 327680K
}
Event: 7.662 GC heap before
{Heap before GC invocations=9 (full 0):
 garbage-first heap   total reserved 524288K, committed 262144K, used 202830K [0x00000000e0000000, 0x0000000100000000)
  region size 1024K, 138 young (141312K), 9 survivors (9216K)
 Metaspace       used 48752K, committed 50368K, reserved 393216K
  class space    used 5763K, committed 6528K, reserved 327680K
}
Event: 7.668 GC heap after
{Heap after GC invocations=10 (full 0):
 garbage-first heap   total reserved 524288K, committed 262144K, used 75079K [0x00000000e0000000, 0x0000000100000000)
  region size 1024K, 13 young (13312K), 13 survivors (13312K)
 Metaspace       used 48752K, committed 50368K, reserved 393216K
  class space    used 5763K, committed 6528K, reserved 327680K
}
Event: 8.981 GC heap before
{Heap before GC invocations=10 (full 0):
 garbage-first heap   total reserved 524288K, committed 262144K, used 225607K [0x00000000e0000000, 0x0000000100000000)
  region size 1024K, 144 young (147456K), 13 survivors (13312K)
 Metaspace       used 53925K, committed 55680K, reserved 393216K
  class space    used 6229K, committed 7040K, reserved 327680K
}
Event: 8.990 GC heap after
{Heap after GC invocations=11 (full 0):
 garbage-first heap   total reserved 524288K, committed 262144K, used 96942K [0x00000000e0000000, 0x0000000100000000)
  region size 1024K, 12 young (12288K), 12 survivors (12288K)
 Metaspace       used 53925K, committed 55680K, reserved 393216K
  class space    used 6229K, committed 7040K, reserved 327680K
}
Event: 9.596 GC heap before
{Heap before GC invocations=11 (full 0):
 garbage-first heap   total reserved 524288K, committed 262144K, used 168622K [0x00000000e0000000, 0x0000000100000000)
  region size 1024K, 83 young (84992K), 12 survivors (12288K)
 Metaspace       used 59813K, committed 61696K, reserved 393216K
  class space    used 7011K, committed 7872K, reserved 327680K
}
Event: 9.601 GC heap after
{Heap after GC invocations=12 (full 0):
 garbage-first heap   total reserved 524288K, committed 262144K, used 100362K [0x00000000e0000000, 0x0000000100000000)
  region size 1024K, 11 young (11264K), 11 survivors (11264K)
 Metaspace       used 59813K, committed 61696K, reserved 393216K
  class space    used 7011K, committed 7872K, reserved 327680K
}
Event: 10.861 GC heap before
{Heap before GC invocations=13 (full 0):
 garbage-first heap   total reserved 524288K, committed 262144K, used 230410K [0x00000000e0000000, 0x0000000100000000)
  region size 1024K, 135 young (138240K), 11 survivors (11264K)
 Metaspace       used 65790K, committed 67712K, reserved 393216K
  class space    used 7628K, committed 8512K, reserved 327680K
}
Event: 10.869 GC heap after
{Heap after GC invocations=14 (full 0):
 garbage-first heap   total reserved 524288K, committed 262144K, used 114475K [0x00000000e0000000, 0x0000000100000000)
  region size 1024K, 15 young (15360K), 15 survivors (15360K)
 Metaspace       used 65790K, committed 67712K, reserved 393216K
  class space    used 7628K, committed 8512K, reserved 327680K
}
Event: 12.414 GC heap before
{Heap before GC invocations=14 (full 0):
 garbage-first heap   total reserved 524288K, committed 262144K, used 230187K [0x00000000e0000000, 0x0000000100000000)
  region size 1024K, 128 young (131072K), 15 survivors (15360K)
 Metaspace       used 75757K, committed 77888K, reserved 458752K
  class space    used 8813K, committed 9792K, reserved 327680K
}
Event: 12.421 GC heap after
{Heap after GC invocations=15 (full 0):
 garbage-first heap   total reserved 524288K, committed 262144K, used 118804K [0x00000000e0000000, 0x0000000100000000)
  region size 1024K, 6 young (6144K), 6 survivors (6144K)
 Metaspace       used 75757K, committed 77888K, reserved 458752K
  class space    used 8813K, committed 9792K, reserved 327680K
}
Event: 13.255 GC heap before
{Heap before GC invocations=15 (full 0):
 garbage-first heap   total reserved 524288K, committed 262144K, used 189460K [0x00000000e0000000, 0x0000000100000000)
  region size 1024K, 76 young (77824K), 6 survivors (6144K)
 Metaspace       used 80560K, committed 82752K, reserved 458752K
  class space    used 9392K, committed 10432K, reserved 327680K
}
Event: 13.261 GC heap after
{Heap after GC invocations=16 (full 0):
 garbage-first heap   total reserved 524288K, committed 262144K, used 125122K [0x00000000e0000000, 0x0000000100000000)
  region size 1024K, 12 young (12288K), 12 survivors (12288K)
 Metaspace       used 80560K, committed 82752K, reserved 458752K
  class space    used 9392K, committed 10432K, reserved 327680K
}

