# JRE version: OpenJDK Runtime Environment (24.0.2+12) (build 24.0.2+12-54)
# Java VM: OpenJDK 64-Bit Server VM (24.0.2+12-54, mixed mode, sharing, tiered, compressed oops, compressed class ptrs, g1 gc, windows-amd64)
GC Precious Log:
 CardTable entry size: 512
 Card Set container configuration: InlinePtr #cards 5 size 8 Array Of Cards #cards 10 size 36 Howl #buckets 4 coarsen threshold 1843 Howl Bitmap #cards 512 size 80 coarsen threshold 460 Card regions per heap region 1 cards per card region 2048
 CPUs: 12 total, 12 available
 Memory: 7439M
 Large Page Support: Disabled
 NUMA Support: Disabled
 Compressed Oops: Enabled (32-bit)
 Heap Region Size: 1M
 Heap Min Capacity: 8M
 Heap Initial Capacity: 118M
 Heap Max Capacity: 1860M
 Pre-touch: Disabled
 Parallel Workers: 10
 Concurrent Workers: 3
 Concurrent Refinement Workers: 10
 Periodic GC: Disabled
Heap:
 garbage-first heap   total reserved 1904640K, committed 66560K, used 39351K [0x000000008bc00000, 0x0000000100000000)
  region size 1024K, 14 young (14336K), 3 survivors (3072K)
 Metaspace       used 44230K, committed 44480K, reserved 1114112K
  class space    used 4384K, committed 4480K, reserved 1048576K
GC Heap History (16 events):
Event: 0.977 GC heap before
{Heap before GC invocations=0 (full 0):
 garbage-first heap   total reserved 1904640K, committed 122880K, used 53360K [0x000000008bc00000, 0x0000000100000000)
  region size 1024K, 47 young (48128K), 0 survivors (0K)
 Metaspace       used 13341K, committed 13568K, reserved 1114112K
  class space    used 1277K, committed 1408K, reserved 1048576K
}
Event: 0.984 GC heap after
{Heap after GC invocations=1 (full 0):
 garbage-first heap   total reserved 1904640K, committed 122880K, used 10992K [0x000000008bc00000, 0x0000000100000000)
  region size 1024K, 6 young (6144K), 6 survivors (6144K)
 Metaspace       used 13341K, committed 13568K, reserved 1114112K
  class space    used 1277K, committed 1408K, reserved 1048576K
}
Event: 2.490 GC heap before
{Heap before GC invocations=1 (full 0):
 garbage-first heap   total reserved 1904640K, committed 122880K, used 31472K [0x000000008bc00000, 0x0000000100000000)
  region size 1024K, 27 young (27648K), 6 survivors (6144K)
 Metaspace       used 21299K, committed 21504K, reserved 1114112K
  class space    used 2399K, committed 2496K, reserved 1048576K
}
Event: 2.496 GC heap after
{Heap after GC invocations=2 (full 0):
 garbage-first heap   total reserved 1904640K, committed 122880K, used 12183K [0x000000008bc00000, 0x0000000100000000)
  region size 1024K, 2 young (2048K), 2 survivors (2048K)
 Metaspace       used 21299K, committed 21504K, reserved 1114112K
  class space    used 2399K, committed 2496K, reserved 1048576K
}
Event: 3.155 GC heap before
{Heap before GC invocations=3 (full 0):
 garbage-first heap   total reserved 1904640K, committed 48128K, used 45975K [0x000000008bc00000, 0x0000000100000000)
  region size 1024K, 35 young (35840K), 2 survivors (2048K)
 Metaspace       used 27076K, committed 27392K, reserved 1114112K
  class space    used 2941K, committed 3072K, reserved 1048576K
}
Event: 3.163 GC heap after
{Heap after GC invocations=4 (full 0):
 garbage-first heap   total reserved 1904640K, committed 55296K, used 17605K [0x000000008bc00000, 0x0000000100000000)
  region size 1024K, 7 young (7168K), 7 survivors (7168K)
 Metaspace       used 27076K, committed 27392K, reserved 1114112K
  class space    used 2941K, committed 3072K, reserved 1048576K
}
Event: 3.528 GC heap before
{Heap before GC invocations=4 (full 0):
 garbage-first heap   total reserved 1904640K, committed 55296K, used 38085K [0x000000008bc00000, 0x0000000100000000)
  region size 1024K, 27 young (27648K), 7 survivors (7168K)
 Metaspace       used 32153K, committed 32448K, reserved 1114112K
  class space    used 3414K, committed 3520K, reserved 1048576K
}
Event: 3.535 GC heap after
{Heap after GC invocations=5 (full 0):
 garbage-first heap   total reserved 1904640K, committed 55296K, used 19104K [0x000000008bc00000, 0x0000000100000000)
  region size 1024K, 2 young (2048K), 2 survivors (2048K)
 Metaspace       used 32153K, committed 32448K, reserved 1114112K
  class space    used 3414K, committed 3520K, reserved 1048576K
}
Event: 3.798 GC heap before
{Heap before GC invocations=5 (full 0):
 garbage-first heap   total reserved 1904640K, committed 55296K, used 39584K [0x000000008bc00000, 0x0000000100000000)
  region size 1024K, 23 young (23552K), 2 survivors (2048K)
 Metaspace       used 35291K, committed 35584K, reserved 1114112K
  class space    used 3665K, committed 3776K, reserved 1048576K
}
Event: 3.805 GC heap after
{Heap after GC invocations=6 (full 0):
 garbage-first heap   total reserved 1904640K, committed 55296K, used 22911K [0x000000008bc00000, 0x0000000100000000)
  region size 1024K, 3 young (3072K), 3 survivors (3072K)
 Metaspace       used 35291K, committed 35584K, reserved 1114112K
  class space    used 3665K, committed 3776K, reserved 1048576K
}
Event: 3.837 GC heap before
{Heap before GC invocations=6 (full 0):
 garbage-first heap   total reserved 1904640K, committed 55296K, used 24959K [0x000000008bc00000, 0x0000000100000000)
  region size 1024K, 6 young (6144K), 3 survivors (3072K)
 Metaspace       used 35804K, committed 36096K, reserved 1114112K
  class space    used 3708K, committed 3840K, reserved 1048576K
}
Event: 3.841 GC heap after
{Heap after GC invocations=7 (full 0):
 garbage-first heap   total reserved 1904640K, committed 55296K, used 23750K [0x000000008bc00000, 0x0000000100000000)
  region size 1024K, 1 young (1024K), 1 survivors (1024K)
 Metaspace       used 35804K, committed 36096K, reserved 1114112K
  class space    used 3708K, committed 3840K, reserved 1048576K
}
Event: 4.253 GC heap before
{Heap before GC invocations=8 (full 0):
 garbage-first heap   total reserved 1904640K, committed 55296K, used 42182K [0x000000008bc00000, 0x0000000100000000)
  region size 1024K, 20 young (20480K), 1 survivors (1024K)
 Metaspace       used 40401K, committed 40768K, reserved 1114112K
  class space    used 4068K, committed 4224K, reserved 1048576K
}
Event: 4.257 GC heap after
{Heap after GC invocations=9 (full 0):
 garbage-first heap   total reserved 1904640K, committed 55296K, used 26030K [0x000000008bc00000, 0x0000000100000000)
  region size 1024K, 3 young (3072K), 3 survivors (3072K)
 Metaspace       used 40401K, committed 40768K, reserved 1114112K
  class space    used 4068K, committed 4224K, reserved 1048576K
}
Event: 4.519 GC heap before
{Heap before GC invocations=9 (full 0):
 garbage-first heap   total reserved 1904640K, committed 55296K, used 43438K [0x000000008bc00000, 0x0000000100000000)
  region size 1024K, 21 young (21504K), 3 survivors (3072K)
 Metaspace       used 42397K, committed 42752K, reserved 1114112K
  class space    used 4193K, committed 4352K, reserved 1048576K
}
Event: 4.528 GC heap after
{Heap after GC invocations=10 (full 0):
 garbage-first heap   total reserved 1904640K, committed 66560K, used 30135K [0x000000008bc00000, 0x0000000100000000)
  region size 1024K, 3 young (3072K), 3 survivors (3072K)
 Metaspace       used 42397K, committed 42752K, reserved 1114112K
  class space    used 4193K, committed 4352K, reserved 1048576K
}

