# JRE version: OpenJDK Runtime Environment (24.0.2+12) (build 24.0.2+12-54)
# Java VM: OpenJDK 64-Bit Server VM (24.0.2+12-54, mixed mode, sharing, tiered, compressed oops, compressed class ptrs, g1 gc, windows-amd64)
GC Precious Log:
 CardTable entry size: 512
 Card Set container configuration: InlinePtr #cards 5 size 8 Array Of Cards #cards 10 size 36 Howl #buckets 4 coarsen threshold 1843 Howl Bitmap #cards 512 size 80 coarsen threshold 460 Card regions per heap region 1 cards per card region 2048
 CPUs: 12 total, 12 available
 Memory: 7439M
 Large Page Support: Disabled
 NUMA Support: Disabled
 Compressed Oops: Enabled (32-bit)
 Heap Region Size: 1M
 Heap Min Capacity: 8M
 Heap Initial Capacity: 118M
 Heap Max Capacity: 1860M
 Pre-touch: Disabled
 Parallel Workers: 10
 Concurrent Workers: 3
 Concurrent Refinement Workers: 10
 Periodic GC: Disabled
Heap:
 garbage-first heap   total reserved 1904640K, committed 46080K, used 38108K [0x000000008bc00000, 0x0000000100000000)
  region size 1024K, 16 young (16384K), 1 survivors (1024K)
 Metaspace       used 46224K, committed 46592K, reserved 1114112K
  class space    used 4324K, committed 4480K, reserved 1048576K
GC Heap History (16 events):
Event: 2.309 GC heap before
{Heap before GC invocations=0 (full 0):
 garbage-first heap   total reserved 1904640K, committed 122880K, used 49264K [0x000000008bc00000, 0x0000000100000000)
  region size 1024K, 47 young (48128K), 0 survivors (0K)
 Metaspace       used 15504K, committed 15680K, reserved 1114112K
  class space    used 1470K, committed 1536K, reserved 1048576K
}
Event: 2.334 GC heap after
{Heap after GC invocations=1 (full 0):
 garbage-first heap   total reserved 1904640K, committed 122880K, used 7440K [0x000000008bc00000, 0x0000000100000000)
  region size 1024K, 6 young (6144K), 6 survivors (6144K)
 Metaspace       used 15504K, committed 15680K, reserved 1114112K
  class space    used 1470K, committed 1536K, reserved 1048576K
}
Event: 4.289 GC heap before
{Heap before GC invocations=1 (full 0):
 garbage-first heap   total reserved 1904640K, committed 122880K, used 33040K [0x000000008bc00000, 0x0000000100000000)
  region size 1024K, 32 young (32768K), 6 survivors (6144K)
 Metaspace       used 21296K, committed 21504K, reserved 1114112K
  class space    used 2072K, committed 2176K, reserved 1048576K
}
Event: 4.303 GC heap after
{Heap after GC invocations=2 (full 0):
 garbage-first heap   total reserved 1904640K, committed 122880K, used 10580K [0x000000008bc00000, 0x0000000100000000)
  region size 1024K, 3 young (3072K), 3 survivors (3072K)
 Metaspace       used 21296K, committed 21504K, reserved 1114112K
  class space    used 2072K, committed 2176K, reserved 1048576K
}
Event: 5.868 GC heap before
{Heap before GC invocations=3 (full 0):
 garbage-first heap   total reserved 1904640K, committed 40960K, used 39252K [0x000000008bc00000, 0x0000000100000000)
  region size 1024K, 31 young (31744K), 3 survivors (3072K)
 Metaspace       used 28748K, committed 29120K, reserved 1114112K
  class space    used 2672K, committed 2816K, reserved 1048576K
}
Event: 5.877 GC heap after
{Heap after GC invocations=4 (full 0):
 garbage-first heap   total reserved 1904640K, committed 46080K, used 12443K [0x000000008bc00000, 0x0000000100000000)
  region size 1024K, 5 young (5120K), 5 survivors (5120K)
 Metaspace       used 28748K, committed 29120K, reserved 1114112K
  class space    used 2672K, committed 2816K, reserved 1048576K
}
Event: 13.540 GC heap before
{Heap before GC invocations=4 (full 0):
 garbage-first heap   total reserved 1904640K, committed 46080K, used 31899K [0x000000008bc00000, 0x0000000100000000)
  region size 1024K, 24 young (24576K), 5 survivors (5120K)
 Metaspace       used 34824K, committed 35200K, reserved 1114112K
  class space    used 3237K, committed 3392K, reserved 1048576K
}
Event: 13.553 GC heap after
{Heap after GC invocations=5 (full 0):
 garbage-first heap   total reserved 1904640K, committed 46080K, used 15408K [0x000000008bc00000, 0x0000000100000000)
  region size 1024K, 3 young (3072K), 3 survivors (3072K)
 Metaspace       used 34824K, committed 35200K, reserved 1114112K
  class space    used 3237K, committed 3392K, reserved 1048576K
}
Event: 13.832 GC heap before
{Heap before GC invocations=5 (full 0):
 garbage-first heap   total reserved 1904640K, committed 46080K, used 18480K [0x000000008bc00000, 0x0000000100000000)
  region size 1024K, 7 young (7168K), 3 survivors (3072K)
 Metaspace       used 35690K, committed 35968K, reserved 1114112K
  class space    used 3331K, committed 3456K, reserved 1048576K
}
Event: 13.838 GC heap after
{Heap after GC invocations=6 (full 0):
 garbage-first heap   total reserved 1904640K, committed 46080K, used 15893K [0x000000008bc00000, 0x0000000100000000)
  region size 1024K, 1 young (1024K), 1 survivors (1024K)
 Metaspace       used 35690K, committed 35968K, reserved 1114112K
  class space    used 3331K, committed 3456K, reserved 1048576K
}
Event: 56.229 GC heap before
{Heap before GC invocations=7 (full 0):
 garbage-first heap   total reserved 1904640K, committed 46080K, used 35349K [0x000000008bc00000, 0x0000000100000000)
  region size 1024K, 20 young (20480K), 1 survivors (1024K)
 Metaspace       used 39957K, committed 40256K, reserved 1114112K
  class space    used 3718K, committed 3840K, reserved 1048576K
}
Event: 56.267 GC heap after
{Heap after GC invocations=8 (full 0):
 garbage-first heap   total reserved 1904640K, committed 46080K, used 18940K [0x000000008bc00000, 0x0000000100000000)
  region size 1024K, 3 young (3072K), 3 survivors (3072K)
 Metaspace       used 39957K, committed 40256K, reserved 1114112K
  class space    used 3718K, committed 3840K, reserved 1048576K
}
Event: 168.248 GC heap before
{Heap before GC invocations=8 (full 0):
 garbage-first heap   total reserved 1904640K, committed 46080K, used 34300K [0x000000008bc00000, 0x0000000100000000)
  region size 1024K, 19 young (19456K), 3 survivors (3072K)
 Metaspace       used 45141K, committed 45504K, reserved 1114112K
  class space    used 4256K, committed 4416K, reserved 1048576K
}
Event: 168.385 GC heap after
{Heap after GC invocations=9 (full 0):
 garbage-first heap   total reserved 1904640K, committed 46080K, used 20685K [0x000000008bc00000, 0x0000000100000000)
  region size 1024K, 2 young (2048K), 2 survivors (2048K)
 Metaspace       used 45141K, committed 45504K, reserved 1114112K
  class space    used 4256K, committed 4416K, reserved 1048576K
}
Event: 597.833 GC heap before
{Heap before GC invocations=9 (full 0):
 garbage-first heap   total reserved 1904640K, committed 46080K, used 35021K [0x000000008bc00000, 0x0000000100000000)
  region size 1024K, 17 young (17408K), 2 survivors (2048K)
 Metaspace       used 45832K, committed 46208K, reserved 1114112K
  class space    used 4311K, committed 4480K, reserved 1048576K
}
Event: 597.895 GC heap after
{Heap after GC invocations=10 (full 0):
 garbage-first heap   total reserved 1904640K, committed 46080K, used 21724K [0x000000008bc00000, 0x0000000100000000)
  region size 1024K, 1 young (1024K), 1 survivors (1024K)
 Metaspace       used 45832K, committed 46208K, reserved 1114112K
  class space    used 4311K, committed 4480K, reserved 1048576K
}

