# JRE version: OpenJDK Runtime Environment (24.0.2+12) (build 24.0.2+12-54)
# Java VM: OpenJDK 64-Bit Server VM (24.0.2+12-54, mixed mode, sharing, tiered, compressed oops, compressed class ptrs, parallel gc, windows-amd64)
GC Precious Log:
 CardTable entry size: 512
 CPUs: 12 total, 12 available
 Memory: 7439M
 Large Page Support: Disabled
 NUMA Support: Disabled
 Compressed Oops: Enabled (32-bit)
 Alignments: Space 512K, Generation 512K, Heap 2M
 Heap Min Capacity: 128M
 Heap Initial Capacity: 128M
 Heap Max Capacity: 1G
 Pre-touch: Disabled
 Parallel Workers: 10
Heap:
 PSYoungGen      total 46592K, used 10055K [0x00000000eab00000, 0x00000000ee300000, 0x0000000100000000)
  eden space 36864K, 22% used [0x00000000eab00000,0x00000000eb31a1f0,0x00000000ecf00000)
  from space 9728K, 18% used [0x00000000ed980000,0x00000000edb37cf0,0x00000000ee300000)
  to   space 10240K, 0% used [0x00000000ecf00000,0x00000000ecf00000,0x00000000ed900000)
 ParOldGen       total 87552K, used 58543K [0x00000000c0000000, 0x00000000c5580000, 0x00000000eab00000)
  object space 87552K, 66% used [0x00000000c0000000,0x00000000c392bdc8,0x00000000c5580000)
 Metaspace       used 66754K, committed 68736K, reserved 1114112K
  class space    used 7632K, committed 8576K, reserved 1048576K
GC Heap History (20 events):
Event: 5.841 GC heap before
{Heap before GC invocations=16 (full 2):
 PSYoungGen      total 30720K, used 30613K [0x00000000eab00000, 0x00000000ede00000, 0x0000000100000000)
  eden space 28672K, 100% used [0x00000000eab00000,0x00000000ec700000,0x00000000ec700000)
  from space 2048K, 94% used [0x00000000ec780000,0x00000000ec9657d8,0x00000000ec980000)
  to   space 11776K, 0% used [0x00000000ed280000,0x00000000ed280000,0x00000000ede00000)
 ParOldGen       total 87552K, used 37773K [0x00000000c0000000, 0x00000000c5580000, 0x00000000eab00000)
  object space 87552K, 43% used [0x00000000c0000000,0x00000000c24e37c8,0x00000000c5580000)
 Metaspace       used 46667K, committed 48320K, reserved 1114112K
  class space    used 5360K, committed 6144K, reserved 1048576K
}
Event: 5.843 GC heap after
{Heap after GC invocations=16 (full 2):
 PSYoungGen      total 39424K, used 1312K [0x00000000eab00000, 0x00000000edd80000, 0x0000000100000000)
  eden space 28160K, 0% used [0x00000000eab00000,0x00000000eab00000,0x00000000ec680000)
  from space 11264K, 11% used [0x00000000ed280000,0x00000000ed3c8000,0x00000000edd80000)
  to   space 11776K, 0% used [0x00000000ec680000,0x00000000ec680000,0x00000000ed200000)
 ParOldGen       total 87552K, used 39531K [0x00000000c0000000, 0x00000000c5580000, 0x00000000eab00000)
  object space 87552K, 45% used [0x00000000c0000000,0x00000000c269ae28,0x00000000c5580000)
 Metaspace       used 46667K, committed 48320K, reserved 1114112K
  class space    used 5360K, committed 6144K, reserved 1048576K
}
Event: 6.330 GC heap before
{Heap before GC invocations=17 (full 2):
 PSYoungGen      total 39424K, used 29472K [0x00000000eab00000, 0x00000000edd80000, 0x0000000100000000)
  eden space 28160K, 100% used [0x00000000eab00000,0x00000000ec680000,0x00000000ec680000)
  from space 11264K, 11% used [0x00000000ed280000,0x00000000ed3c8000,0x00000000edd80000)
  to   space 11776K, 0% used [0x00000000ec680000,0x00000000ec680000,0x00000000ed200000)
 ParOldGen       total 87552K, used 39531K [0x00000000c0000000, 0x00000000c5580000, 0x00000000eab00000)
  object space 87552K, 45% used [0x00000000c0000000,0x00000000c269ae28,0x00000000c5580000)
 Metaspace       used 50213K, committed 51968K, reserved 1114112K
  class space    used 5822K, committed 6656K, reserved 1048576K
}
Event: 6.332 GC heap after
{Heap after GC invocations=17 (full 2):
 PSYoungGen      total 29184K, used 1280K [0x00000000eab00000, 0x00000000edd00000, 0x0000000100000000)
  eden space 27648K, 0% used [0x00000000eab00000,0x00000000eab00000,0x00000000ec600000)
  from space 1536K, 83% used [0x00000000ec680000,0x00000000ec7c0010,0x00000000ec800000)
  to   space 11776K, 0% used [0x00000000ed180000,0x00000000ed180000,0x00000000edd00000)
 ParOldGen       total 87552K, used 40731K [0x00000000c0000000, 0x00000000c5580000, 0x00000000eab00000)
  object space 87552K, 46% used [0x00000000c0000000,0x00000000c27c6e28,0x00000000c5580000)
 Metaspace       used 50213K, committed 51968K, reserved 1114112K
  class space    used 5822K, committed 6656K, reserved 1048576K
}
Event: 7.079 GC heap before
{Heap before GC invocations=18 (full 2):
 PSYoungGen      total 29184K, used 28928K [0x00000000eab00000, 0x00000000edd00000, 0x0000000100000000)
  eden space 27648K, 100% used [0x00000000eab00000,0x00000000ec600000,0x00000000ec600000)
  from space 1536K, 83% used [0x00000000ec680000,0x00000000ec7c0010,0x00000000ec800000)
  to   space 11776K, 0% used [0x00000000ed180000,0x00000000ed180000,0x00000000edd00000)
 ParOldGen       total 87552K, used 40731K [0x00000000c0000000, 0x00000000c5580000, 0x00000000eab00000)
  object space 87552K, 46% used [0x00000000c0000000,0x00000000c27c6e28,0x00000000c5580000)
 Metaspace       used 52803K, committed 54592K, reserved 1114112K
  class space    used 6136K, committed 6976K, reserved 1048576K
}
Event: 7.081 GC heap after
{Heap after GC invocations=18 (full 2):
 PSYoungGen      total 37376K, used 2688K [0x00000000eab00000, 0x00000000edb80000, 0x0000000100000000)
  eden space 27136K, 0% used [0x00000000eab00000,0x00000000eab00000,0x00000000ec580000)
  from space 10240K, 26% used [0x00000000ed180000,0x00000000ed420000,0x00000000edb80000)
  to   space 11264K, 0% used [0x00000000ec580000,0x00000000ec580000,0x00000000ed080000)
 ParOldGen       total 87552K, used 41862K [0x00000000c0000000, 0x00000000c5580000, 0x00000000eab00000)
  object space 87552K, 47% used [0x00000000c0000000,0x00000000c28e19a8,0x00000000c5580000)
 Metaspace       used 52803K, committed 54592K, reserved 1114112K
  class space    used 6136K, committed 6976K, reserved 1048576K
}
Event: 7.286 GC heap before
{Heap before GC invocations=19 (full 2):
 PSYoungGen      total 37376K, used 29824K [0x00000000eab00000, 0x00000000edb80000, 0x0000000100000000)
  eden space 27136K, 100% used [0x00000000eab00000,0x00000000ec580000,0x00000000ec580000)
  from space 10240K, 26% used [0x00000000ed180000,0x00000000ed420000,0x00000000edb80000)
  to   space 11264K, 0% used [0x00000000ec580000,0x00000000ec580000,0x00000000ed080000)
 ParOldGen       total 87552K, used 41862K [0x00000000c0000000, 0x00000000c5580000, 0x00000000eab00000)
  object space 87552K, 47% used [0x00000000c0000000,0x00000000c28e19a8,0x00000000c5580000)
 Metaspace       used 53149K, committed 54912K, reserved 1114112K
  class space    used 6142K, committed 6976K, reserved 1048576K
}
Event: 7.290 GC heap after
{Heap after GC invocations=19 (full 2):
 PSYoungGen      total 30720K, used 4064K [0x00000000eab00000, 0x00000000eda00000, 0x0000000100000000)
  eden space 26624K, 0% used [0x00000000eab00000,0x00000000eab00000,0x00000000ec500000)
  from space 4096K, 99% used [0x00000000ec580000,0x00000000ec978020,0x00000000ec980000)
  to   space 10752K, 0% used [0x00000000ecf80000,0x00000000ecf80000,0x00000000eda00000)
 ParOldGen       total 87552K, used 44366K [0x00000000c0000000, 0x00000000c5580000, 0x00000000eab00000)
  object space 87552K, 50% used [0x00000000c0000000,0x00000000c2b53a38,0x00000000c5580000)
 Metaspace       used 53149K, committed 54912K, reserved 1114112K
  class space    used 6142K, committed 6976K, reserved 1048576K
}
Event: 7.408 GC heap before
{Heap before GC invocations=20 (full 2):
 PSYoungGen      total 30720K, used 30688K [0x00000000eab00000, 0x00000000eda00000, 0x0000000100000000)
  eden space 26624K, 100% used [0x00000000eab00000,0x00000000ec500000,0x00000000ec500000)
  from space 4096K, 99% used [0x00000000ec580000,0x00000000ec978020,0x00000000ec980000)
  to   space 10752K, 0% used [0x00000000ecf80000,0x00000000ecf80000,0x00000000eda00000)
 ParOldGen       total 87552K, used 44366K [0x00000000c0000000, 0x00000000c5580000, 0x00000000eab00000)
  object space 87552K, 50% used [0x00000000c0000000,0x00000000c2b53a38,0x00000000c5580000)
 Metaspace       used 53366K, committed 55168K, reserved 1114112K
  class space    used 6143K, committed 6976K, reserved 1048576K
}
Event: 7.411 GC heap after
{Heap after GC invocations=20 (full 2):
 PSYoungGen      total 37888K, used 2880K [0x00000000eab00000, 0x00000000ee380000, 0x0000000100000000)
  eden space 27136K, 0% used [0x00000000eab00000,0x00000000eab00000,0x00000000ec580000)
  from space 10752K, 26% used [0x00000000ecf80000,0x00000000ed250000,0x00000000eda00000)
  to   space 10240K, 0% used [0x00000000ec580000,0x00000000ec580000,0x00000000ecf80000)
 ParOldGen       total 87552K, used 46586K [0x00000000c0000000, 0x00000000c5580000, 0x00000000eab00000)
  object space 87552K, 53% used [0x00000000c0000000,0x00000000c2d7ea48,0x00000000c5580000)
 Metaspace       used 53366K, committed 55168K, reserved 1114112K
  class space    used 6143K, committed 6976K, reserved 1048576K
}
Event: 7.573 GC heap before
{Heap before GC invocations=21 (full 2):
 PSYoungGen      total 37888K, used 30016K [0x00000000eab00000, 0x00000000ee380000, 0x0000000100000000)
  eden space 27136K, 100% used [0x00000000eab00000,0x00000000ec580000,0x00000000ec580000)
  from space 10752K, 26% used [0x00000000ecf80000,0x00000000ed250000,0x00000000eda00000)
  to   space 10240K, 0% used [0x00000000ec580000,0x00000000ec580000,0x00000000ecf80000)
 ParOldGen       total 87552K, used 46586K [0x00000000c0000000, 0x00000000c5580000, 0x00000000eab00000)
  object space 87552K, 53% used [0x00000000c0000000,0x00000000c2d7ea48,0x00000000c5580000)
 Metaspace       used 53804K, committed 55616K, reserved 1114112K
  class space    used 6173K, committed 7040K, reserved 1048576K
}
Event: 7.575 GC heap after
{Heap after GC invocations=21 (full 2):
 PSYoungGen      total 37376K, used 7180K [0x00000000eab00000, 0x00000000ee580000, 0x0000000100000000)
  eden space 27136K, 0% used [0x00000000eab00000,0x00000000eab00000,0x00000000ec580000)
  from space 10240K, 70% used [0x00000000ec580000,0x00000000ecc830d0,0x00000000ecf80000)
  to   space 10752K, 0% used [0x00000000edb00000,0x00000000edb00000,0x00000000ee580000)
 ParOldGen       total 87552K, used 47938K [0x00000000c0000000, 0x00000000c5580000, 0x00000000eab00000)
  object space 87552K, 54% used [0x00000000c0000000,0x00000000c2ed0a48,0x00000000c5580000)
 Metaspace       used 53804K, committed 55616K, reserved 1114112K
  class space    used 6173K, committed 7040K, reserved 1048576K
}
Event: 7.910 GC heap before
{Heap before GC invocations=22 (full 2):
 PSYoungGen      total 37376K, used 34316K [0x00000000eab00000, 0x00000000ee580000, 0x0000000100000000)
  eden space 27136K, 100% used [0x00000000eab00000,0x00000000ec580000,0x00000000ec580000)
  from space 10240K, 70% used [0x00000000ec580000,0x00000000ecc830d0,0x00000000ecf80000)
  to   space 10752K, 0% used [0x00000000edb00000,0x00000000edb00000,0x00000000ee580000)
 ParOldGen       total 87552K, used 47938K [0x00000000c0000000, 0x00000000c5580000, 0x00000000eab00000)
  object space 87552K, 54% used [0x00000000c0000000,0x00000000c2ed0a48,0x00000000c5580000)
 Metaspace       used 57281K, committed 59136K, reserved 1114112K
  class space    used 6539K, committed 7424K, reserved 1048576K
}
Event: 7.914 GC heap after
{Heap after GC invocations=22 (full 2):
 PSYoungGen      total 49152K, used 2404K [0x00000000eab00000, 0x00000000ee580000, 0x0000000100000000)
  eden space 38400K, 0% used [0x00000000eab00000,0x00000000eab00000,0x00000000ed080000)
  from space 10752K, 22% used [0x00000000edb00000,0x00000000edd59000,0x00000000ee580000)
  to   space 10752K, 0% used [0x00000000ed080000,0x00000000ed080000,0x00000000edb00000)
 ParOldGen       total 87552K, used 55084K [0x00000000c0000000, 0x00000000c5580000, 0x00000000eab00000)
  object space 87552K, 62% used [0x00000000c0000000,0x00000000c35cb150,0x00000000c5580000)
 Metaspace       used 57281K, committed 59136K, reserved 1114112K
  class space    used 6539K, committed 7424K, reserved 1048576K
}
Event: 7.986 GC heap before
{Heap before GC invocations=23 (full 3):
 PSYoungGen      total 49152K, used 8776K [0x00000000eab00000, 0x00000000ee580000, 0x0000000100000000)
  eden space 38400K, 16% used [0x00000000eab00000,0x00000000eb1393f0,0x00000000ed080000)
  from space 10752K, 22% used [0x00000000edb00000,0x00000000edd59000,0x00000000ee580000)
  to   space 10752K, 0% used [0x00000000ed080000,0x00000000ed080000,0x00000000edb00000)
 ParOldGen       total 87552K, used 55084K [0x00000000c0000000, 0x00000000c5580000, 0x00000000eab00000)
  object space 87552K, 62% used [0x00000000c0000000,0x00000000c35cb150,0x00000000c5580000)
 Metaspace       used 57985K, committed 59776K, reserved 1114112K
  class space    used 6608K, committed 7488K, reserved 1048576K
}
Event: 8.018 GC heap after
{Heap after GC invocations=23 (full 3):
 PSYoungGen      total 49152K, used 0K [0x00000000eab00000, 0x00000000ee580000, 0x0000000100000000)
  eden space 38400K, 0% used [0x00000000eab00000,0x00000000eab00000,0x00000000ed080000)
  from space 10752K, 0% used [0x00000000edb00000,0x00000000edb00000,0x00000000ee580000)
  to   space 10752K, 0% used [0x00000000ed080000,0x00000000ed080000,0x00000000edb00000)
 ParOldGen       total 87552K, used 56785K [0x00000000c0000000, 0x00000000c5580000, 0x00000000eab00000)
  object space 87552K, 64% used [0x00000000c0000000,0x00000000c37747d8,0x00000000c5580000)
 Metaspace       used 57985K, committed 59776K, reserved 1114112K
  class space    used 6608K, committed 7488K, reserved 1048576K
}
Event: 8.505 GC heap before
{Heap before GC invocations=24 (full 3):
 PSYoungGen      total 49152K, used 38400K [0x00000000eab00000, 0x00000000ee580000, 0x0000000100000000)
  eden space 38400K, 100% used [0x00000000eab00000,0x00000000ed080000,0x00000000ed080000)
  from space 10752K, 0% used [0x00000000edb00000,0x00000000edb00000,0x00000000ee580000)
  to   space 10752K, 0% used [0x00000000ed080000,0x00000000ed080000,0x00000000edb00000)
 ParOldGen       total 87552K, used 56785K [0x00000000c0000000, 0x00000000c5580000, 0x00000000eab00000)
  object space 87552K, 64% used [0x00000000c0000000,0x00000000c37747d8,0x00000000c5580000)
 Metaspace       used 61893K, committed 63744K, reserved 1114112K
  class space    used 7068K, committed 7936K, reserved 1048576K
}
Event: 8.506 GC heap after
{Heap after GC invocations=24 (full 3):
 PSYoungGen      total 39424K, used 1898K [0x00000000eab00000, 0x00000000ee380000, 0x0000000100000000)
  eden space 37376K, 0% used [0x00000000eab00000,0x00000000eab00000,0x00000000ecf80000)
  from space 2048K, 92% used [0x00000000ed080000,0x00000000ed25ab10,0x00000000ed280000)
  to   space 10240K, 0% used [0x00000000ed980000,0x00000000ed980000,0x00000000ee380000)
 ParOldGen       total 87552K, used 56793K [0x00000000c0000000, 0x00000000c5580000, 0x00000000eab00000)
  object space 87552K, 64% used [0x00000000c0000000,0x00000000c37767d8,0x00000000c5580000)
 Metaspace       used 61893K, committed 63744K, reserved 1114112K
  class space    used 7068K, committed 7936K, reserved 1048576K
}
Event: 8.920 GC heap before
{Heap before GC invocations=25 (full 3):
 PSYoungGen      total 39424K, used 39274K [0x00000000eab00000, 0x00000000ee380000, 0x0000000100000000)
  eden space 37376K, 100% used [0x00000000eab00000,0x00000000ecf80000,0x00000000ecf80000)
  from space 2048K, 92% used [0x00000000ed080000,0x00000000ed25ab10,0x00000000ed280000)
  to   space 10240K, 0% used [0x00000000ed980000,0x00000000ed980000,0x00000000ee380000)
 ParOldGen       total 87552K, used 56793K [0x00000000c0000000, 0x00000000c5580000, 0x00000000eab00000)
  object space 87552K, 64% used [0x00000000c0000000,0x00000000c37767d8,0x00000000c5580000)
 Metaspace       used 66148K, committed 68160K, reserved 1114112K
  class space    used 7564K, committed 8512K, reserved 1048576K
}
Event: 8.922 GC heap after
{Heap after GC invocations=25 (full 3):
 PSYoungGen      total 46592K, used 1759K [0x00000000eab00000, 0x00000000ee300000, 0x0000000100000000)
  eden space 36864K, 0% used [0x00000000eab00000,0x00000000eab00000,0x00000000ecf00000)
  from space 9728K, 18% used [0x00000000ed980000,0x00000000edb37cf0,0x00000000ee300000)
  to   space 10240K, 0% used [0x00000000ecf00000,0x00000000ecf00000,0x00000000ed900000)
 ParOldGen       total 87552K, used 58543K [0x00000000c0000000, 0x00000000c5580000, 0x00000000eab00000)
  object space 87552K, 66% used [0x00000000c0000000,0x00000000c392bdc8,0x00000000c5580000)
 Metaspace       used 66148K, committed 68160K, reserved 1114112K
  class space    used 7564K, committed 8512K, reserved 1048576K
}

