# JRE version: OpenJDK Runtime Environment (24.0.2+12) (build 24.0.2+12-54)
# Java VM: OpenJDK 64-Bit Server VM (24.0.2+12-54, mixed mode, sharing, tiered, compressed oops, compressed class ptrs, g1 gc, windows-amd64)
GC Precious Log:
 CardTable entry size: 512
 Card Set container configuration: InlinePtr #cards 5 size 8 Array Of Cards #cards 10 size 36 Howl #buckets 4 coarsen threshold 1843 Howl Bitmap #cards 512 size 80 coarsen threshold 460 Card regions per heap region 1 cards per card region 2048
 CPUs: 12 total, 12 available
 Memory: 7439M
 Large Page Support: Disabled
 NUMA Support: Disabled
 Compressed Oops: Enabled (32-bit)
 Heap Region Size: 1M
 Heap Min Capacity: 8M
 Heap Initial Capacity: 118M
 Heap Max Capacity: 2G
 Pre-touch: Disabled
 Parallel Workers: 10
 Concurrent Workers: 3
 Concurrent Refinement Workers: 10
 Periodic GC: Disabled
Heap:
 garbage-first heap   total reserved 2097152K, committed 99328K, used 67568K [0x0000000080000000, 0x0000000100000000)
  region size 1024K, 12 young (12288K), 5 survivors (5120K)
 Metaspace       used 59093K, committed 60864K, reserved 1114112K
  class space    used 6705K, committed 7552K, reserved 1048576K
GC Heap History (20 events):
Event: 4.072 GC heap before
{Heap before GC invocations=6 (full 0):
 garbage-first heap   total reserved 2097152K, committed 99328K, used 74631K [0x0000000080000000, 0x0000000100000000)
  region size 1024K, 53 young (54272K), 7 survivors (7168K)
 Metaspace       used 33430K, committed 34432K, reserved 1114112K
  class space    used 3694K, committed 4160K, reserved 1048576K
}
Event: 4.077 GC heap after
{Heap after GC invocations=7 (full 0):
 garbage-first heap   total reserved 2097152K, committed 99328K, used 32989K [0x0000000080000000, 0x0000000100000000)
  region size 1024K, 7 young (7168K), 7 survivors (7168K)
 Metaspace       used 33430K, committed 34432K, reserved 1114112K
  class space    used 3694K, committed 4160K, reserved 1048576K
}
Event: 4.201 GC heap before
{Heap before GC invocations=7 (full 0):
 garbage-first heap   total reserved 2097152K, committed 99328K, used 45277K [0x0000000080000000, 0x0000000100000000)
  region size 1024K, 16 young (16384K), 7 survivors (7168K)
 Metaspace       used 34928K, committed 35968K, reserved 1114112K
  class space    used 3777K, committed 4288K, reserved 1048576K
}
Event: 4.204 GC heap after
{Heap after GC invocations=8 (full 0):
 garbage-first heap   total reserved 2097152K, committed 99328K, used 35171K [0x0000000080000000, 0x0000000100000000)
  region size 1024K, 2 young (2048K), 2 survivors (2048K)
 Metaspace       used 34928K, committed 35968K, reserved 1114112K
  class space    used 3777K, committed 4288K, reserved 1048576K
}
Event: 4.556 GC heap before
{Heap before GC invocations=9 (full 0):
 garbage-first heap   total reserved 2097152K, committed 99328K, used 80227K [0x0000000080000000, 0x0000000100000000)
  region size 1024K, 46 young (47104K), 2 survivors (2048K)
 Metaspace       used 38934K, committed 40384K, reserved 1114112K
  class space    used 4352K, committed 5056K, reserved 1048576K
}
Event: 4.558 GC heap after
{Heap after GC invocations=10 (full 0):
 garbage-first heap   total reserved 2097152K, committed 99328K, used 37039K [0x0000000080000000, 0x0000000100000000)
  region size 1024K, 4 young (4096K), 4 survivors (4096K)
 Metaspace       used 38934K, committed 40384K, reserved 1114112K
  class space    used 4352K, committed 5056K, reserved 1048576K
}
Event: 5.033 GC heap before
{Heap before GC invocations=10 (full 0):
 garbage-first heap   total reserved 2097152K, committed 99328K, used 82095K [0x0000000080000000, 0x0000000100000000)
  region size 1024K, 49 young (50176K), 4 survivors (4096K)
 Metaspace       used 43189K, committed 44800K, reserved 1114112K
  class space    used 4990K, committed 5760K, reserved 1048576K
}
Event: 5.037 GC heap after
{Heap after GC invocations=11 (full 0):
 garbage-first heap   total reserved 2097152K, committed 99328K, used 40990K [0x0000000080000000, 0x0000000100000000)
  region size 1024K, 7 young (7168K), 7 survivors (7168K)
 Metaspace       used 43189K, committed 44800K, reserved 1114112K
  class space    used 4990K, committed 5760K, reserved 1048576K
}
Event: 5.343 GC heap before
{Heap before GC invocations=11 (full 0):
 garbage-first heap   total reserved 2097152K, committed 99328K, used 85022K [0x0000000080000000, 0x0000000100000000)
  region size 1024K, 49 young (50176K), 7 survivors (7168K)
 Metaspace       used 45473K, committed 47104K, reserved 1114112K
  class space    used 5176K, committed 5952K, reserved 1048576K
}
Event: 5.346 GC heap after
{Heap after GC invocations=12 (full 0):
 garbage-first heap   total reserved 2097152K, committed 99328K, used 43077K [0x0000000080000000, 0x0000000100000000)
  region size 1024K, 3 young (3072K), 3 survivors (3072K)
 Metaspace       used 45473K, committed 47104K, reserved 1114112K
  class space    used 5176K, committed 5952K, reserved 1048576K
}
Event: 5.825 GC heap before
{Heap before GC invocations=12 (full 0):
 garbage-first heap   total reserved 2097152K, committed 99328K, used 86085K [0x0000000080000000, 0x0000000100000000)
  region size 1024K, 45 young (46080K), 3 survivors (3072K)
 Metaspace       used 50445K, committed 52160K, reserved 1114112K
  class space    used 5848K, committed 6656K, reserved 1048576K
}
Event: 5.827 GC heap after
{Heap after GC invocations=13 (full 0):
 garbage-first heap   total reserved 2097152K, committed 99328K, used 44736K [0x0000000080000000, 0x0000000100000000)
  region size 1024K, 4 young (4096K), 4 survivors (4096K)
 Metaspace       used 50445K, committed 52160K, reserved 1114112K
  class space    used 5848K, committed 6656K, reserved 1048576K
}
Event: 6.458 GC heap before
{Heap before GC invocations=13 (full 0):
 garbage-first heap   total reserved 2097152K, committed 99328K, used 87744K [0x0000000080000000, 0x0000000100000000)
  region size 1024K, 47 young (48128K), 4 survivors (4096K)
 Metaspace       used 53038K, committed 54848K, reserved 1114112K
  class space    used 6125K, committed 6976K, reserved 1048576K
}
Event: 6.463 GC heap after
{Heap after GC invocations=14 (full 0):
 garbage-first heap   total reserved 2097152K, committed 99328K, used 50042K [0x0000000080000000, 0x0000000100000000)
  region size 1024K, 6 young (6144K), 6 survivors (6144K)
 Metaspace       used 53038K, committed 54848K, reserved 1114112K
  class space    used 6125K, committed 6976K, reserved 1048576K
}
Event: 6.638 GC heap before
{Heap before GC invocations=14 (full 0):
 garbage-first heap   total reserved 2097152K, committed 99328K, used 85882K [0x0000000080000000, 0x0000000100000000)
  region size 1024K, 42 young (43008K), 6 survivors (6144K)
 Metaspace       used 53324K, committed 55168K, reserved 1114112K
  class space    used 6125K, committed 6976K, reserved 1048576K
}
Event: 6.642 GC heap after
{Heap after GC invocations=15 (full 0):
 garbage-first heap   total reserved 2097152K, committed 99328K, used 52580K [0x0000000080000000, 0x0000000100000000)
  region size 1024K, 4 young (4096K), 4 survivors (4096K)
 Metaspace       used 53324K, committed 55168K, reserved 1114112K
  class space    used 6125K, committed 6976K, reserved 1048576K
}
Event: 6.758 GC heap before
{Heap before GC invocations=15 (full 0):
 garbage-first heap   total reserved 2097152K, committed 99328K, used 67940K [0x0000000080000000, 0x0000000100000000)
  region size 1024K, 21 young (21504K), 4 survivors (4096K)
 Metaspace       used 53406K, committed 55232K, reserved 1114112K
  class space    used 6126K, committed 6976K, reserved 1048576K
}
Event: 6.760 GC heap after
{Heap after GC invocations=16 (full 0):
 garbage-first heap   total reserved 2097152K, committed 99328K, used 54122K [0x0000000080000000, 0x0000000100000000)
  region size 1024K, 3 young (3072K), 3 survivors (3072K)
 Metaspace       used 53406K, committed 55232K, reserved 1114112K
  class space    used 6126K, committed 6976K, reserved 1048576K
}
Event: 7.195 GC heap before
{Heap before GC invocations=17 (full 0):
 garbage-first heap   total reserved 2097152K, committed 99328K, used 92010K [0x0000000080000000, 0x0000000100000000)
  region size 1024K, 37 young (37888K), 3 survivors (3072K)
 Metaspace       used 57561K, committed 59392K, reserved 1114112K
  class space    used 6556K, committed 7424K, reserved 1048576K
}
Event: 7.198 GC heap after
{Heap after GC invocations=18 (full 0):
 garbage-first heap   total reserved 2097152K, committed 99328K, used 61424K [0x0000000080000000, 0x0000000100000000)
  region size 1024K, 5 young (5120K), 5 survivors (5120K)
 Metaspace       used 57561K, committed 59392K, reserved 1114112K
  class space    used 6556K, committed 7424K, reserved 1048576K
}

