# JRE version: OpenJDK Runtime Environment (24.0.2+12) (build 24.0.2+12-54)
# Java VM: OpenJDK 64-Bit Server VM (24.0.2+12-54, mixed mode, sharing, tiered, compressed oops, compressed class ptrs, g1 gc, windows-amd64)
GC Precious Log:
 CardTable entry size: 512
 Card Set container configuration: InlinePtr #cards 4 size 8 Array Of Cards #cards 16 size 48 Howl #buckets 8 coarsen threshold 3686 Howl Bitmap #cards 512 size 80 coarsen threshold 460 Card regions per heap region 1 cards per card region 4096
 CPUs: 12 total, 12 available
 Memory: 7439M
 Large Page Support: Disabled
 NUMA Support: Disabled
 Compressed Oops: Enabled (Zero based)
 Heap Region Size: 2M
 Heap Min Capacity: 8M
 Heap Initial Capacity: 118M
 Heap Max Capacity: 4G
 Pre-touch: Disabled
 Parallel Workers: 10
 Concurrent Workers: 3
 Concurrent Refinement Workers: 10
 Periodic GC: Disabled
Heap:
 garbage-first heap   total reserved 4194304K, committed 167936K, used 132443K [0x0000000700000000, 0x0000000800000000)
  region size 2048K, 18 young (36864K), 2 survivors (4096K)
 Metaspace       used 61112K, committed 62976K, reserved 1114112K
  class space    used 7197K, committed 8064K, reserved 1048576K
GC Heap History (20 events):
Event: 16.329 GC heap before
{Heap before GC invocations=13 (full 0):
 garbage-first heap   total reserved 4194304K, committed 120832K, used 95218K [0x0000000700000000, 0x0000000800000000)
  region size 2048K, 15 young (30720K), 2 survivors (4096K)
 Metaspace       used 44126K, committed 45696K, reserved 1114112K
  class space    used 5090K, committed 5824K, reserved 1048576K
}
Event: 16.331 GC heap after
{Heap after GC invocations=14 (full 0):
 garbage-first heap   total reserved 4194304K, committed 120832K, used 70152K [0x0000000700000000, 0x0000000800000000)
  region size 2048K, 2 young (4096K), 2 survivors (4096K)
 Metaspace       used 44126K, committed 45696K, reserved 1114112K
  class space    used 5090K, committed 5824K, reserved 1048576K
}
Event: 16.850 GC heap before
{Heap before GC invocations=14 (full 0):
 garbage-first heap   total reserved 4194304K, committed 120832K, used 104968K [0x0000000700000000, 0x0000000800000000)
  region size 2048K, 20 young (40960K), 2 survivors (4096K)
 Metaspace       used 47569K, committed 49152K, reserved 1114112K
  class space    used 5648K, committed 6400K, reserved 1048576K
}
Event: 16.855 GC heap after
{Heap after GC invocations=15 (full 0):
 garbage-first heap   total reserved 4194304K, committed 120832K, used 72677K [0x0000000700000000, 0x0000000800000000)
  region size 2048K, 3 young (6144K), 3 survivors (6144K)
 Metaspace       used 47569K, committed 49152K, reserved 1114112K
  class space    used 5648K, committed 6400K, reserved 1048576K
}
Event: 17.033 GC heap before
{Heap before GC invocations=15 (full 0):
 garbage-first heap   total reserved 4194304K, committed 120832K, used 105445K [0x0000000700000000, 0x0000000800000000)
  region size 2048K, 19 young (38912K), 3 survivors (6144K)
 Metaspace       used 47711K, committed 49344K, reserved 1114112K
  class space    used 5648K, committed 6400K, reserved 1048576K
}
Event: 17.042 GC heap after
{Heap after GC invocations=16 (full 0):
 garbage-first heap   total reserved 4194304K, committed 145408K, used 74963K [0x0000000700000000, 0x0000000800000000)
  region size 2048K, 2 young (4096K), 2 survivors (4096K)
 Metaspace       used 47711K, committed 49344K, reserved 1114112K
  class space    used 5648K, committed 6400K, reserved 1048576K
}
Event: 17.309 GC heap before
{Heap before GC invocations=17 (full 0):
 garbage-first heap   total reserved 4194304K, committed 145408K, used 128211K [0x0000000700000000, 0x0000000800000000)
  region size 2048K, 28 young (57344K), 2 survivors (4096K)
 Metaspace       used 47751K, committed 49472K, reserved 1114112K
  class space    used 5651K, committed 6464K, reserved 1048576K
}
Event: 17.311 GC heap after
{Heap after GC invocations=18 (full 0):
 garbage-first heap   total reserved 4194304K, committed 145408K, used 75835K [0x0000000700000000, 0x0000000800000000)
  region size 2048K, 2 young (4096K), 2 survivors (4096K)
 Metaspace       used 47751K, committed 49472K, reserved 1114112K
  class space    used 5651K, committed 6464K, reserved 1048576K
}
Event: 17.791 GC heap before
{Heap before GC invocations=18 (full 0):
 garbage-first heap   total reserved 4194304K, committed 145408K, used 129083K [0x0000000700000000, 0x0000000800000000)
  region size 2048K, 28 young (57344K), 2 survivors (4096K)
 Metaspace       used 49984K, committed 51648K, reserved 1114112K
  class space    used 5899K, committed 6656K, reserved 1048576K
}
Event: 17.795 GC heap after
{Heap after GC invocations=19 (full 0):
 garbage-first heap   total reserved 4194304K, committed 145408K, used 77261K [0x0000000700000000, 0x0000000800000000)
  region size 2048K, 3 young (6144K), 3 survivors (6144K)
 Metaspace       used 49984K, committed 51648K, reserved 1114112K
  class space    used 5899K, committed 6656K, reserved 1048576K
}
Event: 18.083 GC heap before
{Heap before GC invocations=19 (full 0):
 garbage-first heap   total reserved 4194304K, committed 145408K, used 93645K [0x0000000700000000, 0x0000000800000000)
  region size 2048K, 12 young (24576K), 3 survivors (6144K)
 Metaspace       used 50863K, committed 52544K, reserved 1114112K
  class space    used 6001K, committed 6784K, reserved 1048576K
}
Event: 18.086 GC heap after
{Heap after GC invocations=20 (full 0):
 garbage-first heap   total reserved 4194304K, committed 145408K, used 80111K [0x0000000700000000, 0x0000000800000000)
  region size 2048K, 4 young (8192K), 4 survivors (8192K)
 Metaspace       used 50863K, committed 52544K, reserved 1114112K
  class space    used 6001K, committed 6784K, reserved 1048576K
}
Event: 18.275 GC heap before
{Heap before GC invocations=21 (full 0):
 garbage-first heap   total reserved 4194304K, committed 151552K, used 133359K [0x0000000700000000, 0x0000000800000000)
  region size 2048K, 26 young (53248K), 4 survivors (8192K)
 Metaspace       used 50942K, committed 52608K, reserved 1114112K
  class space    used 6005K, committed 6784K, reserved 1048576K
}
Event: 18.279 GC heap after
{Heap after GC invocations=22 (full 0):
 garbage-first heap   total reserved 4194304K, committed 151552K, used 90210K [0x0000000700000000, 0x0000000800000000)
  region size 2048K, 3 young (6144K), 3 survivors (6144K)
 Metaspace       used 50942K, committed 52608K, reserved 1114112K
  class space    used 6005K, committed 6784K, reserved 1048576K
}
Event: 18.729 GC heap before
{Heap before GC invocations=22 (full 0):
 garbage-first heap   total reserved 4194304K, committed 151552K, used 137314K [0x0000000700000000, 0x0000000800000000)
  region size 2048K, 24 young (49152K), 3 survivors (6144K)
 Metaspace       used 53169K, committed 54912K, reserved 1114112K
  class space    used 6146K, committed 6976K, reserved 1048576K
}
Event: 18.732 GC heap after
{Heap after GC invocations=23 (full 0):
 garbage-first heap   total reserved 4194304K, committed 151552K, used 98022K [0x0000000700000000, 0x0000000800000000)
  region size 2048K, 2 young (4096K), 2 survivors (4096K)
 Metaspace       used 53169K, committed 54912K, reserved 1114112K
  class space    used 6146K, committed 6976K, reserved 1048576K
}
Event: 18.981 GC heap before
{Heap before GC invocations=23 (full 0):
 garbage-first heap   total reserved 4194304K, committed 151552K, used 136934K [0x0000000700000000, 0x0000000800000000)
  region size 2048K, 21 young (43008K), 2 survivors (4096K)
 Metaspace       used 54608K, committed 56384K, reserved 1114112K
  class space    used 6353K, committed 7168K, reserved 1048576K
}
Event: 18.984 GC heap after
{Heap after GC invocations=24 (full 0):
 garbage-first heap   total reserved 4194304K, committed 151552K, used 99175K [0x0000000700000000, 0x0000000800000000)
  region size 2048K, 2 young (4096K), 2 survivors (4096K)
 Metaspace       used 54608K, committed 56384K, reserved 1114112K
  class space    used 6353K, committed 7168K, reserved 1048576K
}
Event: 19.560 GC heap before
{Heap before GC invocations=25 (full 0):
 garbage-first heap   total reserved 4194304K, committed 167936K, used 136039K [0x0000000700000000, 0x0000000800000000)
  region size 2048K, 20 young (40960K), 2 survivors (4096K)
 Metaspace       used 58204K, committed 60096K, reserved 1114112K
  class space    used 6837K, committed 7744K, reserved 1048576K
}
Event: 19.564 GC heap after
{Heap after GC invocations=26 (full 0):
 garbage-first heap   total reserved 4194304K, committed 167936K, used 101723K [0x0000000700000000, 0x0000000800000000)
  region size 2048K, 2 young (4096K), 2 survivors (4096K)
 Metaspace       used 58204K, committed 60096K, reserved 1114112K
  class space    used 6837K, committed 7744K, reserved 1048576K
}

