# JRE version: OpenJDK Runtime Environment (24.0.2+12) (build 24.0.2+12-54)
# Java VM: OpenJDK 64-Bit Server VM (24.0.2+12-54, mixed mode, sharing, tiered, compressed oops, compressed class ptrs, parallel gc, windows-amd64)
GC Precious Log:
 CardTable entry size: 512
 CPUs: 12 total, 12 available
 Memory: 7439M
 Large Page Support: Disabled
 NUMA Support: Disabled
 Compressed Oops: Enabled (32-bit)
 Alignments: Space 512K, Generation 512K, Heap 2M
 Heap Min Capacity: 128M
 Heap Initial Capacity: 128M
 Heap Max Capacity: 512M
 Pre-touch: Disabled
 Parallel Workers: 10
Heap:
 PSYoungGen      total 62976K, used 18427K [0x00000000f5580000, 0x00000000f9e80000, 0x0000000100000000)
  eden space 53248K, 32% used [0x00000000f5580000,0x00000000f6666e88,0x00000000f8980000)
  from space 9728K, 11% used [0x00000000f9500000,0x00000000f9618000,0x00000000f9e80000)
  to   space 10752K, 0% used [0x00000000f8980000,0x00000000f8980000,0x00000000f9400000)
 ParOldGen       total 164352K, used 163892K [0x00000000e0000000, 0x00000000ea080000, 0x00000000f5580000)
  object space 164352K, 99% used [0x00000000e0000000,0x00000000ea00d3d8,0x00000000ea080000)
 Metaspace       used 108188K, committed 110592K, reserved 1179648K
  class space    used 12496K, committed 13632K, reserved 1048576K
GC Heap History (20 events):
Event: 30.669 GC heap before
{Heap before GC invocations=39 (full 4):
 PSYoungGen      total 75264K, used 32572K [0x00000000f5580000, 0x00000000fac00000, 0x0000000100000000)
  eden space 69120K, 38% used [0x00000000f5580000,0x00000000f6faf1c0,0x00000000f9900000)
  from space 6144K, 93% used [0x00000000f9b00000,0x00000000fa0a0080,0x00000000fa100000)
  to   space 9728K, 0% used [0x00000000fa280000,0x00000000fa280000,0x00000000fac00000)
 ParOldGen       total 139264K, used 139105K [0x00000000e0000000, 0x00000000e8800000, 0x00000000f5580000)
  object space 139264K, 99% used [0x00000000e0000000,0x00000000e87d84f0,0x00000000e8800000)
 Metaspace       used 97439K, committed 99648K, reserved 1179648K
  class space    used 11289K, committed 12352K, reserved 1048576K
}
Event: 30.842 GC heap after
{Heap after GC invocations=39 (full 4):
 PSYoungGen      total 75264K, used 2788K [0x00000000f5580000, 0x00000000fac00000, 0x0000000100000000)
  eden space 69120K, 0% used [0x00000000f5580000,0x00000000f5580000,0x00000000f9900000)
  from space 6144K, 45% used [0x00000000f9b00000,0x00000000f9db93c0,0x00000000fa100000)
  to   space 9728K, 0% used [0x00000000fa280000,0x00000000fa280000,0x00000000fac00000)
 ParOldGen       total 139264K, used 139201K [0x00000000e0000000, 0x00000000e8800000, 0x00000000f5580000)
  object space 139264K, 99% used [0x00000000e0000000,0x00000000e87f06c8,0x00000000e8800000)
 Metaspace       used 97439K, committed 99648K, reserved 1179648K
  class space    used 11289K, committed 12352K, reserved 1048576K
}
Event: 50.166 GC heap before
{Heap before GC invocations=40 (full 4):
 PSYoungGen      total 75264K, used 71908K [0x00000000f5580000, 0x00000000fac00000, 0x0000000100000000)
  eden space 69120K, 100% used [0x00000000f5580000,0x00000000f9900000,0x00000000f9900000)
  from space 6144K, 45% used [0x00000000f9b00000,0x00000000f9db93c0,0x00000000fa100000)
  to   space 9728K, 0% used [0x00000000fa280000,0x00000000fa280000,0x00000000fac00000)
 ParOldGen       total 139264K, used 139201K [0x00000000e0000000, 0x00000000e8800000, 0x00000000f5580000)
  object space 139264K, 99% used [0x00000000e0000000,0x00000000e87f06c8,0x00000000e8800000)
 Metaspace       used 100823K, committed 103168K, reserved 1179648K
  class space    used 11684K, committed 12800K, reserved 1048576K
}
Event: 50.205 GC heap after
{Heap after GC invocations=40 (full 4):
 PSYoungGen      total 76800K, used 8960K [0x00000000f5580000, 0x00000000fac00000, 0x0000000100000000)
  eden space 67072K, 0% used [0x00000000f5580000,0x00000000f5580000,0x00000000f9700000)
  from space 9728K, 92% used [0x00000000fa280000,0x00000000fab400c0,0x00000000fac00000)
  to   space 10752K, 0% used [0x00000000f9700000,0x00000000f9700000,0x00000000fa180000)
 ParOldGen       total 139264K, used 139209K [0x00000000e0000000, 0x00000000e8800000, 0x00000000f5580000)
  object space 139264K, 99% used [0x00000000e0000000,0x00000000e87f26c8,0x00000000e8800000)
 Metaspace       used 100823K, committed 103168K, reserved 1179648K
  class space    used 11684K, committed 12800K, reserved 1048576K
}
Event: 51.728 GC heap before
{Heap before GC invocations=41 (full 4):
 PSYoungGen      total 76800K, used 76016K [0x00000000f5580000, 0x00000000fac00000, 0x0000000100000000)
  eden space 67072K, 99% used [0x00000000f5580000,0x00000000f96fc200,0x00000000f9700000)
  from space 9728K, 92% used [0x00000000fa280000,0x00000000fab400c0,0x00000000fac00000)
  to   space 10752K, 0% used [0x00000000f9700000,0x00000000f9700000,0x00000000fa180000)
 ParOldGen       total 139264K, used 139209K [0x00000000e0000000, 0x00000000e8800000, 0x00000000f5580000)
  object space 139264K, 99% used [0x00000000e0000000,0x00000000e87f26c8,0x00000000e8800000)
 Metaspace       used 103488K, committed 105792K, reserved 1179648K
  class space    used 11964K, committed 13056K, reserved 1048576K
}
Event: 51.738 GC heap after
{Heap after GC invocations=41 (full 4):
 PSYoungGen      total 70144K, used 4737K [0x00000000f5580000, 0x00000000faa00000, 0x0000000100000000)
  eden space 65024K, 0% used [0x00000000f5580000,0x00000000f5580000,0x00000000f9500000)
  from space 5120K, 92% used [0x00000000f9700000,0x00000000f9ba0670,0x00000000f9c00000)
  to   space 10752K, 0% used [0x00000000f9f80000,0x00000000f9f80000,0x00000000faa00000)
 ParOldGen       total 147968K, used 147945K [0x00000000e0000000, 0x00000000e9080000, 0x00000000f5580000)
  object space 147968K, 99% used [0x00000000e0000000,0x00000000e907a670,0x00000000e9080000)
 Metaspace       used 103488K, committed 105792K, reserved 1179648K
  class space    used 11964K, committed 13056K, reserved 1048576K
}
Event: 54.561 GC heap before
{Heap before GC invocations=42 (full 4):
 PSYoungGen      total 70144K, used 69753K [0x00000000f5580000, 0x00000000faa00000, 0x0000000100000000)
  eden space 65024K, 99% used [0x00000000f5580000,0x00000000f94fe020,0x00000000f9500000)
  from space 5120K, 92% used [0x00000000f9700000,0x00000000f9ba0670,0x00000000f9c00000)
  to   space 10752K, 0% used [0x00000000f9f80000,0x00000000f9f80000,0x00000000faa00000)
 ParOldGen       total 147968K, used 147945K [0x00000000e0000000, 0x00000000e9080000, 0x00000000f5580000)
  object space 147968K, 99% used [0x00000000e0000000,0x00000000e907a670,0x00000000e9080000)
 Metaspace       used 106141K, committed 108480K, reserved 1179648K
  class space    used 12360K, committed 13440K, reserved 1048576K
}
Event: 54.568 GC heap after
{Heap after GC invocations=42 (full 4):
 PSYoungGen      total 71680K, used 7788K [0x00000000f5580000, 0x00000000fa800000, 0x0000000100000000)
  eden space 62976K, 0% used [0x00000000f5580000,0x00000000f5580000,0x00000000f9300000)
  from space 8704K, 89% used [0x00000000f9f80000,0x00000000fa71b010,0x00000000fa800000)
  to   space 10752K, 0% used [0x00000000f9300000,0x00000000f9300000,0x00000000f9d80000)
 ParOldGen       total 152576K, used 152424K [0x00000000e0000000, 0x00000000e9500000, 0x00000000f5580000)
  object space 152576K, 99% used [0x00000000e0000000,0x00000000e94da020,0x00000000e9500000)
 Metaspace       used 106141K, committed 108480K, reserved 1179648K
  class space    used 12360K, committed 13440K, reserved 1048576K
}
Event: 1907.706 GC heap before
{Heap before GC invocations=43 (full 4):
 PSYoungGen      total 71680K, used 70763K [0x00000000f5580000, 0x00000000fa800000, 0x0000000100000000)
  eden space 62976K, 99% used [0x00000000f5580000,0x00000000f92fff88,0x00000000f9300000)
  from space 8704K, 89% used [0x00000000f9f80000,0x00000000fa71b010,0x00000000fa800000)
  to   space 10752K, 0% used [0x00000000f9300000,0x00000000f9300000,0x00000000f9d80000)
 ParOldGen       total 152576K, used 152424K [0x00000000e0000000, 0x00000000e9500000, 0x00000000f5580000)
  object space 152576K, 99% used [0x00000000e0000000,0x00000000e94da020,0x00000000e9500000)
 Metaspace       used 107015K, committed 109440K, reserved 1179648K
  class space    used 12449K, committed 13568K, reserved 1048576K
}
Event: 1907.814 GC heap after
{Heap after GC invocations=43 (full 4):
 PSYoungGen      total 61440K, used 480K [0x00000000f5580000, 0x00000000fa700000, 0x0000000100000000)
  eden space 60928K, 0% used [0x00000000f5580000,0x00000000f5580000,0x00000000f9100000)
  from space 512K, 93% used [0x00000000f9300000,0x00000000f9378000,0x00000000f9380000)
  to   space 11264K, 0% used [0x00000000f9c00000,0x00000000f9c00000,0x00000000fa700000)
 ParOldGen       total 159744K, used 159652K [0x00000000e0000000, 0x00000000e9c00000, 0x00000000f5580000)
  object space 159744K, 99% used [0x00000000e0000000,0x00000000e9be9088,0x00000000e9c00000)
 Metaspace       used 107015K, committed 109440K, reserved 1179648K
  class space    used 12449K, committed 13568K, reserved 1048576K
}
Event: 2227.980 GC heap before
{Heap before GC invocations=44 (full 4):
 PSYoungGen      total 61440K, used 61408K [0x00000000f5580000, 0x00000000fa700000, 0x0000000100000000)
  eden space 60928K, 100% used [0x00000000f5580000,0x00000000f9100000,0x00000000f9100000)
  from space 512K, 93% used [0x00000000f9300000,0x00000000f9378000,0x00000000f9380000)
  to   space 11264K, 0% used [0x00000000f9c00000,0x00000000f9c00000,0x00000000fa700000)
 ParOldGen       total 159744K, used 159652K [0x00000000e0000000, 0x00000000e9c00000, 0x00000000f5580000)
  object space 159744K, 99% used [0x00000000e0000000,0x00000000e9be9088,0x00000000e9c00000)
 Metaspace       used 107246K, committed 109632K, reserved 1179648K
  class space    used 12454K, committed 13568K, reserved 1048576K
}
Event: 2228.026 GC heap after
{Heap after GC invocations=44 (full 4):
 PSYoungGen      total 68096K, used 5472K [0x00000000f5580000, 0x00000000fa480000, 0x0000000100000000)
  eden space 59392K, 0% used [0x00000000f5580000,0x00000000f5580000,0x00000000f8f80000)
  from space 8704K, 62% used [0x00000000f9c00000,0x00000000fa158010,0x00000000fa480000)
  to   space 10752K, 0% used [0x00000000f8f80000,0x00000000f8f80000,0x00000000f9a00000)
 ParOldGen       total 160256K, used 159983K [0x00000000e0000000, 0x00000000e9c80000, 0x00000000f5580000)
  object space 160256K, 99% used [0x00000000e0000000,0x00000000e9c3bc08,0x00000000e9c80000)
 Metaspace       used 107246K, committed 109632K, reserved 1179648K
  class space    used 12454K, committed 13568K, reserved 1048576K
}
Event: 2384.411 GC heap before
{Heap before GC invocations=45 (full 4):
 PSYoungGen      total 68096K, used 64864K [0x00000000f5580000, 0x00000000fa480000, 0x0000000100000000)
  eden space 59392K, 100% used [0x00000000f5580000,0x00000000f8f80000,0x00000000f8f80000)
  from space 8704K, 62% used [0x00000000f9c00000,0x00000000fa158010,0x00000000fa480000)
  to   space 10752K, 0% used [0x00000000f8f80000,0x00000000f8f80000,0x00000000f9a00000)
 ParOldGen       total 160256K, used 159983K [0x00000000e0000000, 0x00000000e9c80000, 0x00000000f5580000)
  object space 160256K, 99% used [0x00000000e0000000,0x00000000e9c3bc08,0x00000000e9c80000)
 Metaspace       used 107657K, committed 110080K, reserved 1179648K
  class space    used 12491K, committed 13632K, reserved 1048576K
}
Event: 2384.470 GC heap after
{Heap after GC invocations=45 (full 4):
 PSYoungGen      total 61952K, used 3872K [0x00000000f5580000, 0x00000000fa300000, 0x0000000100000000)
  eden space 57856K, 0% used [0x00000000f5580000,0x00000000f5580000,0x00000000f8e00000)
  from space 4096K, 94% used [0x00000000f8f80000,0x00000000f9348000,0x00000000f9380000)
  to   space 10752K, 0% used [0x00000000f9880000,0x00000000f9880000,0x00000000fa300000)
 ParOldGen       total 161280K, used 161028K [0x00000000e0000000, 0x00000000e9d80000, 0x00000000f5580000)
  object space 161280K, 99% used [0x00000000e0000000,0x00000000e9d41368,0x00000000e9d80000)
 Metaspace       used 107657K, committed 110080K, reserved 1179648K
  class space    used 12491K, committed 13632K, reserved 1048576K
}
Event: 2393.452 GC heap before
{Heap before GC invocations=46 (full 4):
 PSYoungGen      total 61952K, used 61728K [0x00000000f5580000, 0x00000000fa300000, 0x0000000100000000)
  eden space 57856K, 100% used [0x00000000f5580000,0x00000000f8e00000,0x00000000f8e00000)
  from space 4096K, 94% used [0x00000000f8f80000,0x00000000f9348000,0x00000000f9380000)
  to   space 10752K, 0% used [0x00000000f9880000,0x00000000f9880000,0x00000000fa300000)
 ParOldGen       total 161280K, used 161028K [0x00000000e0000000, 0x00000000e9d80000, 0x00000000f5580000)
  object space 161280K, 99% used [0x00000000e0000000,0x00000000e9d41368,0x00000000e9d80000)
 Metaspace       used 107770K, committed 110208K, reserved 1179648K
  class space    used 12493K, committed 13632K, reserved 1048576K
}
Event: 2393.455 GC heap after
{Heap after GC invocations=46 (full 4):
 PSYoungGen      total 65536K, used 800K [0x00000000f5580000, 0x00000000fa180000, 0x0000000100000000)
  eden space 56320K, 0% used [0x00000000f5580000,0x00000000f5580000,0x00000000f8c80000)
  from space 9216K, 8% used [0x00000000f9880000,0x00000000f9948000,0x00000000fa180000)
  to   space 10752K, 0% used [0x00000000f8c80000,0x00000000f8c80000,0x00000000f9700000)
 ParOldGen       total 162304K, used 162135K [0x00000000e0000000, 0x00000000e9e80000, 0x00000000f5580000)
  object space 162304K, 99% used [0x00000000e0000000,0x00000000e9e55c68,0x00000000e9e80000)
 Metaspace       used 107770K, committed 110208K, reserved 1179648K
  class space    used 12493K, committed 13632K, reserved 1048576K
}
Event: 2464.396 GC heap before
{Heap before GC invocations=47 (full 4):
 PSYoungGen      total 65536K, used 57120K [0x00000000f5580000, 0x00000000fa180000, 0x0000000100000000)
  eden space 56320K, 100% used [0x00000000f5580000,0x00000000f8c80000,0x00000000f8c80000)
  from space 9216K, 8% used [0x00000000f9880000,0x00000000f9948000,0x00000000fa180000)
  to   space 10752K, 0% used [0x00000000f8c80000,0x00000000f8c80000,0x00000000f9700000)
 ParOldGen       total 162304K, used 162135K [0x00000000e0000000, 0x00000000e9e80000, 0x00000000f5580000)
  object space 162304K, 99% used [0x00000000e0000000,0x00000000e9e55c68,0x00000000e9e80000)
 Metaspace       used 107943K, committed 110336K, reserved 1179648K
  class space    used 12494K, committed 13632K, reserved 1048576K
}
Event: 2464.498 GC heap after
{Heap after GC invocations=47 (full 4):
 PSYoungGen      total 60416K, used 5568K [0x00000000f5580000, 0x00000000f9f00000, 0x0000000100000000)
  eden space 54784K, 0% used [0x00000000f5580000,0x00000000f5580000,0x00000000f8b00000)
  from space 5632K, 98% used [0x00000000f8c80000,0x00000000f91f0030,0x00000000f9200000)
  to   space 10240K, 0% used [0x00000000f9500000,0x00000000f9500000,0x00000000f9f00000)
 ParOldGen       total 162816K, used 162711K [0x00000000e0000000, 0x00000000e9f00000, 0x00000000f5580000)
  object space 162816K, 99% used [0x00000000e0000000,0x00000000e9ee5c78,0x00000000e9f00000)
 Metaspace       used 107943K, committed 110336K, reserved 1179648K
  class space    used 12494K, committed 13632K, reserved 1048576K
}
Event: 3503.360 GC heap before
{Heap before GC invocations=48 (full 4):
 PSYoungGen      total 60416K, used 60352K [0x00000000f5580000, 0x00000000f9f00000, 0x0000000100000000)
  eden space 54784K, 100% used [0x00000000f5580000,0x00000000f8b00000,0x00000000f8b00000)
  from space 5632K, 98% used [0x00000000f8c80000,0x00000000f91f0030,0x00000000f9200000)
  to   space 10240K, 0% used [0x00000000f9500000,0x00000000f9500000,0x00000000f9f00000)
 ParOldGen       total 162816K, used 162711K [0x00000000e0000000, 0x00000000e9f00000, 0x00000000f5580000)
  object space 162816K, 99% used [0x00000000e0000000,0x00000000e9ee5c78,0x00000000e9f00000)
 Metaspace       used 108111K, committed 110528K, reserved 1179648K
  class space    used 12495K, committed 13632K, reserved 1048576K
}
Event: 3503.467 GC heap after
{Heap after GC invocations=48 (full 4):
 PSYoungGen      total 62976K, used 1120K [0x00000000f5580000, 0x00000000f9e80000, 0x0000000100000000)
  eden space 53248K, 0% used [0x00000000f5580000,0x00000000f5580000,0x00000000f8980000)
  from space 9728K, 11% used [0x00000000f9500000,0x00000000f9618000,0x00000000f9e80000)
  to   space 10752K, 0% used [0x00000000f8980000,0x00000000f8980000,0x00000000f9400000)
 ParOldGen       total 164352K, used 163892K [0x00000000e0000000, 0x00000000ea080000, 0x00000000f5580000)
  object space 164352K, 99% used [0x00000000e0000000,0x00000000ea00d3d8,0x00000000ea080000)
 Metaspace       used 108111K, committed 110528K, reserved 1179648K
  class space    used 12495K, committed 13632K, reserved 1048576K
}

