# JRE version: OpenJDK Runtime Environment (24.0.2+12) (build 24.0.2+12-54)
# Java VM: OpenJDK 64-Bit Server VM (24.0.2+12-54, mixed mode, sharing, tiered, compressed oops, compressed class ptrs, parallel gc, windows-amd64)
GC Precious Log:
 CardTable entry size: 512
 CPUs: 12 total, 12 available
 Memory: 7439M
 Large Page Support: Disabled
 NUMA Support: Disabled
 Compressed Oops: Enabled (32-bit)
 Alignments: Space 512K, Generation 512K, Heap 2M
 Heap Min Capacity: 128M
 Heap Initial Capacity: 128M
 Heap Max Capacity: 1G
 Pre-touch: Disabled
 Parallel Workers: 10
Heap:
 PSYoungGen      total 44544K, used 20731K [0x00000000eab00000, 0x00000000ee100000, 0x0000000100000000)
  eden space 35840K, 49% used [0x00000000eab00000,0x00000000ebc3c488,0x00000000ece00000)
  from space 8704K, 35% used [0x00000000ed880000,0x00000000edb829f8,0x00000000ee100000)
  to   space 9728K, 0% used [0x00000000ece00000,0x00000000ece00000,0x00000000ed780000)
 ParOldGen       total 87552K, used 61462K [0x00000000c0000000, 0x00000000c5580000, 0x00000000eab00000)
  object space 87552K, 70% used [0x00000000c0000000,0x00000000c3c05810,0x00000000c5580000)
 Metaspace       used 72063K, committed 74176K, reserved 1114112K
  class space    used 8285K, committed 9280K, reserved 1048576K
GC Heap History (20 events):
Event: 8.665 GC heap before
{Heap before GC invocations=18 (full 2):
 PSYoungGen      total 29184K, used 28896K [0x00000000eab00000, 0x00000000edd00000, 0x0000000100000000)
  eden space 27648K, 100% used [0x00000000eab00000,0x00000000ec600000,0x00000000ec600000)
  from space 1536K, 81% used [0x00000000ec680000,0x00000000ec7b8010,0x00000000ec800000)
  to   space 11776K, 0% used [0x00000000ed180000,0x00000000ed180000,0x00000000edd00000)
 ParOldGen       total 87552K, used 40636K [0x00000000c0000000, 0x00000000c5580000, 0x00000000eab00000)
  object space 87552K, 46% used [0x00000000c0000000,0x00000000c27af0f0,0x00000000c5580000)
 Metaspace       used 52785K, committed 54592K, reserved 1114112K
  class space    used 6129K, committed 6976K, reserved 1048576K
}
Event: 8.667 GC heap after
{Heap after GC invocations=18 (full 2):
 PSYoungGen      total 37376K, used 2688K [0x00000000eab00000, 0x00000000edb80000, 0x0000000100000000)
  eden space 27136K, 0% used [0x00000000eab00000,0x00000000eab00000,0x00000000ec580000)
  from space 10240K, 26% used [0x00000000ed180000,0x00000000ed420000,0x00000000edb80000)
  to   space 11264K, 0% used [0x00000000ec580000,0x00000000ec580000,0x00000000ed080000)
 ParOldGen       total 87552K, used 41767K [0x00000000c0000000, 0x00000000c5580000, 0x00000000eab00000)
  object space 87552K, 47% used [0x00000000c0000000,0x00000000c28c9c70,0x00000000c5580000)
 Metaspace       used 52785K, committed 54592K, reserved 1114112K
  class space    used 6129K, committed 6976K, reserved 1048576K
}
Event: 8.813 GC heap before
{Heap before GC invocations=19 (full 2):
 PSYoungGen      total 37376K, used 29824K [0x00000000eab00000, 0x00000000edb80000, 0x0000000100000000)
  eden space 27136K, 100% used [0x00000000eab00000,0x00000000ec580000,0x00000000ec580000)
  from space 10240K, 26% used [0x00000000ed180000,0x00000000ed420000,0x00000000edb80000)
  to   space 11264K, 0% used [0x00000000ec580000,0x00000000ec580000,0x00000000ed080000)
 ParOldGen       total 87552K, used 41767K [0x00000000c0000000, 0x00000000c5580000, 0x00000000eab00000)
  object space 87552K, 47% used [0x00000000c0000000,0x00000000c28c9c70,0x00000000c5580000)
 Metaspace       used 53080K, committed 54976K, reserved 1114112K
  class space    used 6133K, committed 7040K, reserved 1048576K
}
Event: 8.815 GC heap after
{Heap after GC invocations=19 (full 2):
 PSYoungGen      total 31232K, used 4208K [0x00000000eab00000, 0x00000000eda00000, 0x0000000100000000)
  eden space 26624K, 0% used [0x00000000eab00000,0x00000000eab00000,0x00000000ec500000)
  from space 4608K, 91% used [0x00000000ec580000,0x00000000ec99c010,0x00000000eca00000)
  to   space 10752K, 0% used [0x00000000ecf80000,0x00000000ecf80000,0x00000000eda00000)
 ParOldGen       total 87552K, used 44267K [0x00000000c0000000, 0x00000000c5580000, 0x00000000eab00000)
  object space 87552K, 50% used [0x00000000c0000000,0x00000000c2b3acf0,0x00000000c5580000)
 Metaspace       used 53080K, committed 54976K, reserved 1114112K
  class space    used 6133K, committed 7040K, reserved 1048576K
}
Event: 8.875 GC heap before
{Heap before GC invocations=20 (full 2):
 PSYoungGen      total 31232K, used 30832K [0x00000000eab00000, 0x00000000eda00000, 0x0000000100000000)
  eden space 26624K, 100% used [0x00000000eab00000,0x00000000ec500000,0x00000000ec500000)
  from space 4608K, 91% used [0x00000000ec580000,0x00000000ec99c010,0x00000000eca00000)
  to   space 10752K, 0% used [0x00000000ecf80000,0x00000000ecf80000,0x00000000eda00000)
 ParOldGen       total 87552K, used 44267K [0x00000000c0000000, 0x00000000c5580000, 0x00000000eab00000)
  object space 87552K, 50% used [0x00000000c0000000,0x00000000c2b3acf0,0x00000000c5580000)
 Metaspace       used 53249K, committed 55104K, reserved 1114112K
  class space    used 6133K, committed 7040K, reserved 1048576K
}
Event: 8.877 GC heap after
{Heap after GC invocations=20 (full 2):
 PSYoungGen      total 37888K, used 2688K [0x00000000eab00000, 0x00000000ee380000, 0x0000000100000000)
  eden space 27136K, 0% used [0x00000000eab00000,0x00000000eab00000,0x00000000ec580000)
  from space 10752K, 25% used [0x00000000ecf80000,0x00000000ed220000,0x00000000eda00000)
  to   space 10240K, 0% used [0x00000000ec580000,0x00000000ec580000,0x00000000ecf80000)
 ParOldGen       total 87552K, used 46611K [0x00000000c0000000, 0x00000000c5580000, 0x00000000eab00000)
  object space 87552K, 53% used [0x00000000c0000000,0x00000000c2d84cf0,0x00000000c5580000)
 Metaspace       used 53249K, committed 55104K, reserved 1114112K
  class space    used 6133K, committed 7040K, reserved 1048576K
}
Event: 9.024 GC heap before
{Heap before GC invocations=21 (full 2):
 PSYoungGen      total 37888K, used 29824K [0x00000000eab00000, 0x00000000ee380000, 0x0000000100000000)
  eden space 27136K, 100% used [0x00000000eab00000,0x00000000ec580000,0x00000000ec580000)
  from space 10752K, 25% used [0x00000000ecf80000,0x00000000ed220000,0x00000000eda00000)
  to   space 10240K, 0% used [0x00000000ec580000,0x00000000ec580000,0x00000000ecf80000)
 ParOldGen       total 87552K, used 46611K [0x00000000c0000000, 0x00000000c5580000, 0x00000000eab00000)
  object space 87552K, 53% used [0x00000000c0000000,0x00000000c2d84cf0,0x00000000c5580000)
 Metaspace       used 53745K, committed 55616K, reserved 1114112K
  class space    used 6169K, committed 7040K, reserved 1048576K
}
Event: 9.026 GC heap after
{Heap after GC invocations=21 (full 2):
 PSYoungGen      total 37376K, used 7390K [0x00000000eab00000, 0x00000000ee580000, 0x0000000100000000)
  eden space 27136K, 0% used [0x00000000eab00000,0x00000000eab00000,0x00000000ec580000)
  from space 10240K, 72% used [0x00000000ec580000,0x00000000eccb7aa0,0x00000000ecf80000)
  to   space 10752K, 0% used [0x00000000edb00000,0x00000000edb00000,0x00000000ee580000)
 ParOldGen       total 87552K, used 47939K [0x00000000c0000000, 0x00000000c5580000, 0x00000000eab00000)
  object space 87552K, 54% used [0x00000000c0000000,0x00000000c2ed0cf0,0x00000000c5580000)
 Metaspace       used 53745K, committed 55616K, reserved 1114112K
  class space    used 6169K, committed 7040K, reserved 1048576K
}
Event: 9.366 GC heap before
{Heap before GC invocations=22 (full 2):
 PSYoungGen      total 37376K, used 34521K [0x00000000eab00000, 0x00000000ee580000, 0x0000000100000000)
  eden space 27136K, 99% used [0x00000000eab00000,0x00000000ec57ecd0,0x00000000ec580000)
  from space 10240K, 72% used [0x00000000ec580000,0x00000000eccb7aa0,0x00000000ecf80000)
  to   space 10752K, 0% used [0x00000000edb00000,0x00000000edb00000,0x00000000ee580000)
 ParOldGen       total 87552K, used 47939K [0x00000000c0000000, 0x00000000c5580000, 0x00000000eab00000)
  object space 87552K, 54% used [0x00000000c0000000,0x00000000c2ed0cf0,0x00000000c5580000)
 Metaspace       used 57194K, committed 59072K, reserved 1114112K
  class space    used 6531K, committed 7424K, reserved 1048576K
}
Event: 9.369 GC heap after
{Heap after GC invocations=22 (full 2):
 PSYoungGen      total 49152K, used 2467K [0x00000000eab00000, 0x00000000ee580000, 0x0000000100000000)
  eden space 38400K, 0% used [0x00000000eab00000,0x00000000eab00000,0x00000000ed080000)
  from space 10752K, 22% used [0x00000000edb00000,0x00000000edd68e08,0x00000000ee580000)
  to   space 10752K, 0% used [0x00000000ed080000,0x00000000ed080000,0x00000000edb00000)
 ParOldGen       total 87552K, used 55143K [0x00000000c0000000, 0x00000000c5580000, 0x00000000eab00000)
  object space 87552K, 62% used [0x00000000c0000000,0x00000000c35d9d10,0x00000000c5580000)
 Metaspace       used 57194K, committed 59072K, reserved 1114112K
  class space    used 6531K, committed 7424K, reserved 1048576K
}
Event: 9.452 GC heap before
{Heap before GC invocations=23 (full 3):
 PSYoungGen      total 49152K, used 8745K [0x00000000eab00000, 0x00000000ee580000, 0x0000000100000000)
  eden space 38400K, 16% used [0x00000000eab00000,0x00000000eb1217f8,0x00000000ed080000)
  from space 10752K, 22% used [0x00000000edb00000,0x00000000edd68e08,0x00000000ee580000)
  to   space 10752K, 0% used [0x00000000ed080000,0x00000000ed080000,0x00000000edb00000)
 ParOldGen       total 87552K, used 55143K [0x00000000c0000000, 0x00000000c5580000, 0x00000000eab00000)
  object space 87552K, 62% used [0x00000000c0000000,0x00000000c35d9d10,0x00000000c5580000)
 Metaspace       used 57977K, committed 59776K, reserved 1114112K
  class space    used 6610K, committed 7488K, reserved 1048576K
}
Event: 9.483 GC heap after
{Heap after GC invocations=23 (full 3):
 PSYoungGen      total 49152K, used 0K [0x00000000eab00000, 0x00000000ee580000, 0x0000000100000000)
  eden space 38400K, 0% used [0x00000000eab00000,0x00000000eab00000,0x00000000ed080000)
  from space 10752K, 0% used [0x00000000edb00000,0x00000000edb00000,0x00000000ee580000)
  to   space 10752K, 0% used [0x00000000ed080000,0x00000000ed080000,0x00000000edb00000)
 ParOldGen       total 87552K, used 56839K [0x00000000c0000000, 0x00000000c5580000, 0x00000000eab00000)
  object space 87552K, 64% used [0x00000000c0000000,0x00000000c3781f88,0x00000000c5580000)
 Metaspace       used 57977K, committed 59776K, reserved 1114112K
  class space    used 6610K, committed 7488K, reserved 1048576K
}
Event: 9.942 GC heap before
{Heap before GC invocations=24 (full 3):
 PSYoungGen      total 49152K, used 38400K [0x00000000eab00000, 0x00000000ee580000, 0x0000000100000000)
  eden space 38400K, 100% used [0x00000000eab00000,0x00000000ed080000,0x00000000ed080000)
  from space 10752K, 0% used [0x00000000edb00000,0x00000000edb00000,0x00000000ee580000)
  to   space 10752K, 0% used [0x00000000ed080000,0x00000000ed080000,0x00000000edb00000)
 ParOldGen       total 87552K, used 56839K [0x00000000c0000000, 0x00000000c5580000, 0x00000000eab00000)
  object space 87552K, 64% used [0x00000000c0000000,0x00000000c3781f88,0x00000000c5580000)
 Metaspace       used 61760K, committed 63680K, reserved 1114112K
  class space    used 7043K, committed 7936K, reserved 1048576K
}
Event: 9.943 GC heap after
{Heap after GC invocations=24 (full 3):
 PSYoungGen      total 39424K, used 1802K [0x00000000eab00000, 0x00000000ee380000, 0x0000000100000000)
  eden space 37376K, 0% used [0x00000000eab00000,0x00000000eab00000,0x00000000ecf80000)
  from space 2048K, 88% used [0x00000000ed080000,0x00000000ed242b10,0x00000000ed280000)
  to   space 10240K, 0% used [0x00000000ed980000,0x00000000ed980000,0x00000000ee380000)
 ParOldGen       total 87552K, used 56847K [0x00000000c0000000, 0x00000000c5580000, 0x00000000eab00000)
  object space 87552K, 64% used [0x00000000c0000000,0x00000000c3783f88,0x00000000c5580000)
 Metaspace       used 61760K, committed 63680K, reserved 1114112K
  class space    used 7043K, committed 7936K, reserved 1048576K
}
Event: 10.340 GC heap before
{Heap before GC invocations=25 (full 3):
 PSYoungGen      total 39424K, used 39178K [0x00000000eab00000, 0x00000000ee380000, 0x0000000100000000)
  eden space 37376K, 100% used [0x00000000eab00000,0x00000000ecf80000,0x00000000ecf80000)
  from space 2048K, 88% used [0x00000000ed080000,0x00000000ed242b10,0x00000000ed280000)
  to   space 10240K, 0% used [0x00000000ed980000,0x00000000ed980000,0x00000000ee380000)
 ParOldGen       total 87552K, used 56847K [0x00000000c0000000, 0x00000000c5580000, 0x00000000eab00000)
  object space 87552K, 64% used [0x00000000c0000000,0x00000000c3783f88,0x00000000c5580000)
 Metaspace       used 65886K, committed 67968K, reserved 1114112K
  class space    used 7532K, committed 8512K, reserved 1048576K
}
Event: 10.342 GC heap after
{Heap after GC invocations=25 (full 3):
 PSYoungGen      total 46592K, used 1663K [0x00000000eab00000, 0x00000000ee300000, 0x0000000100000000)
  eden space 36864K, 0% used [0x00000000eab00000,0x00000000eab00000,0x00000000ecf00000)
  from space 9728K, 17% used [0x00000000ed980000,0x00000000edb1fcf0,0x00000000ee300000)
  to   space 10240K, 0% used [0x00000000ecf00000,0x00000000ecf00000,0x00000000ed900000)
 ParOldGen       total 87552K, used 58564K [0x00000000c0000000, 0x00000000c5580000, 0x00000000eab00000)
  object space 87552K, 66% used [0x00000000c0000000,0x00000000c3931210,0x00000000c5580000)
 Metaspace       used 65886K, committed 67968K, reserved 1114112K
  class space    used 7532K, committed 8512K, reserved 1048576K
}
Event: 10.743 GC heap before
{Heap before GC invocations=26 (full 3):
 PSYoungGen      total 46592K, used 38527K [0x00000000eab00000, 0x00000000ee300000, 0x0000000100000000)
  eden space 36864K, 100% used [0x00000000eab00000,0x00000000ecf00000,0x00000000ecf00000)
  from space 9728K, 17% used [0x00000000ed980000,0x00000000edb1fcf0,0x00000000ee300000)
  to   space 10240K, 0% used [0x00000000ecf00000,0x00000000ecf00000,0x00000000ed900000)
 ParOldGen       total 87552K, used 58564K [0x00000000c0000000, 0x00000000c5580000, 0x00000000eab00000)
  object space 87552K, 66% used [0x00000000c0000000,0x00000000c3931210,0x00000000c5580000)
 Metaspace       used 68804K, committed 70848K, reserved 1114112K
  class space    used 7862K, committed 8832K, reserved 1048576K
}
Event: 10.747 GC heap after
{Heap after GC invocations=26 (full 3):
 PSYoungGen      total 38400K, used 1568K [0x00000000eab00000, 0x00000000ee280000, 0x0000000100000000)
  eden space 36352K, 0% used [0x00000000eab00000,0x00000000eab00000,0x00000000ece80000)
  from space 2048K, 76% used [0x00000000ecf00000,0x00000000ed088000,0x00000000ed100000)
  to   space 10240K, 0% used [0x00000000ed880000,0x00000000ed880000,0x00000000ee280000)
 ParOldGen       total 87552K, used 60035K [0x00000000c0000000, 0x00000000c5580000, 0x00000000eab00000)
  object space 87552K, 68% used [0x00000000c0000000,0x00000000c3aa0f40,0x00000000c5580000)
 Metaspace       used 68804K, committed 70848K, reserved 1114112K
  class space    used 7862K, committed 8832K, reserved 1048576K
}
Event: 11.048 GC heap before
{Heap before GC invocations=27 (full 3):
 PSYoungGen      total 38400K, used 37920K [0x00000000eab00000, 0x00000000ee280000, 0x0000000100000000)
  eden space 36352K, 100% used [0x00000000eab00000,0x00000000ece80000,0x00000000ece80000)
  from space 2048K, 76% used [0x00000000ecf00000,0x00000000ed088000,0x00000000ed100000)
  to   space 10240K, 0% used [0x00000000ed880000,0x00000000ed880000,0x00000000ee280000)
 ParOldGen       total 87552K, used 60035K [0x00000000c0000000, 0x00000000c5580000, 0x00000000eab00000)
  object space 87552K, 68% used [0x00000000c0000000,0x00000000c3aa0f40,0x00000000c5580000)
 Metaspace       used 71149K, committed 73216K, reserved 1114112K
  class space    used 8169K, committed 9152K, reserved 1048576K
}
Event: 11.050 GC heap after
{Heap after GC invocations=27 (full 3):
 PSYoungGen      total 44544K, used 3082K [0x00000000eab00000, 0x00000000ee100000, 0x0000000100000000)
  eden space 35840K, 0% used [0x00000000eab00000,0x00000000eab00000,0x00000000ece00000)
  from space 8704K, 35% used [0x00000000ed880000,0x00000000edb829f8,0x00000000ee100000)
  to   space 9728K, 0% used [0x00000000ece00000,0x00000000ece00000,0x00000000ed780000)
 ParOldGen       total 87552K, used 61462K [0x00000000c0000000, 0x00000000c5580000, 0x00000000eab00000)
  object space 87552K, 70% used [0x00000000c0000000,0x00000000c3c05810,0x00000000c5580000)
 Metaspace       used 71149K, committed 73216K, reserved 1114112K
  class space    used 8169K, committed 9152K, reserved 1048576K
}

